<?xml version="1.0" encoding="UTF-8"?>
<coverage generated="1771863318629" clover="3.2.0">
  <project timestamp="1771863318629" name="All files">
    <metrics statements="164" coveredstatements="119" conditionals="102" coveredconditionals="68" methods="32" coveredmethods="19" elements="298" coveredelements="206" complexity="0" loc="164" ncloc="164" packages="1" files="3" classes="3"/>
    <file name="history.ts" path="/Users/csells/Code/csells/hyper-pi/pi-socket/src/history.ts">
      <metrics statements="26" coveredstatements="26" conditionals="36" coveredconditionals="32" methods="2" coveredmethods="2"/>
      <line num="4" count="3" type="stmt"/>
      <line num="22" count="27" type="cond" truecount="2" falsecount="0"/>
      <line num="23" count="2" type="cond" truecount="3" falsecount="1"/>
      <line num="26" count="25" type="stmt"/>
      <line num="28" count="25" type="stmt"/>
      <line num="29" count="108" type="cond" truecount="5" falsecount="1"/>
      <line num="30" count="108" type="stmt"/>
      <line num="33" count="108" type="cond" truecount="2" falsecount="0"/>
      <line num="35" count="104" type="stmt"/>
      <line num="36" count="104" type="cond" truecount="6" falsecount="0"/>
      <line num="39" count="100" type="stmt"/>
      <line num="40" count="100" type="cond" truecount="2" falsecount="0"/>
      <line num="42" count="98" type="stmt"/>
      <line num="46" count="25" type="stmt"/>
      <line num="47" count="25" type="cond" truecount="4" falsecount="0"/>
      <line num="48" count="11" type="stmt"/>
      <line num="49" count="16" type="stmt"/>
      <line num="50" count="16" type="stmt"/>
      <line num="51" count="16" type="cond" truecount="2" falsecount="0"/>
      <line num="52" count="2" type="stmt"/>
      <line num="53" count="16" type="stmt"/>
      <line num="54" count="2" type="stmt"/>
      <line num="56" count="2" type="cond" truecount="2" falsecount="0"/>
      <line num="58" count="2" type="stmt"/>
      <line num="62" count="9" type="stmt"/>
      <line num="67" count="14" type="stmt"/>
    </file>
    <file name="index.ts" path="/Users/csells/Code/csells/hyper-pi/pi-socket/src/index.ts">
      <metrics statements="131" coveredstatements="86" conditionals="62" coveredconditionals="32" methods="27" coveredmethods="14"/>
      <line num="37" count="17" type="stmt"/>
      <line num="38" count="17" type="stmt"/>
      <line num="39" count="17" type="stmt"/>
      <line num="40" count="17" type="stmt"/>
      <line num="41" count="17" type="stmt"/>
      <line num="42" count="17" type="stmt"/>
      <line num="43" count="17" type="stmt"/>
      <line num="44" count="17" type="stmt"/>
      <line num="45" count="17" type="stmt"/>
      <line num="47" count="17" type="cond" truecount="2" falsecount="0"/>
      <line num="48" count="17" type="cond" truecount="2" falsecount="0"/>
      <line num="49" count="17" type="stmt"/>
      <line num="50" count="17" type="cond" truecount="2" falsecount="0"/>
      <line num="51" count="17" type="cond" truecount="2" falsecount="0"/>
      <line num="53" count="17" type="stmt"/>
      <line num="56" count="17" type="stmt"/>
      <line num="58" count="17" type="stmt"/>
      <line num="60" count="14" type="stmt"/>
      <line num="61" count="14" type="stmt"/>
      <line num="64" count="14" type="cond" truecount="1" falsecount="1"/>
      <line num="65" count="0" type="stmt"/>
      <line num="66" count="0" type="stmt"/>
      <line num="72" count="14" type="stmt"/>
      <line num="75" count="14" type="cond" truecount="2" falsecount="0"/>
      <line num="76" count="14" type="stmt"/>
      <line num="77" count="14" type="stmt"/>
      <line num="78" count="14" type="stmt"/>
      <line num="80" count="14" type="stmt"/>
      <line num="81" count="5" type="stmt"/>
      <line num="83" count="5" type="stmt"/>
      <line num="87" count="5" type="cond" truecount="2" falsecount="0"/>
      <line num="88" count="4" type="stmt"/>
      <line num="91" count="5" type="stmt"/>
      <line num="92" count="2" type="stmt"/>
      <line num="93" count="2" type="cond" truecount="2" falsecount="0"/>
      <line num="94" count="1" type="stmt"/>
      <line num="96" count="1" type="stmt"/>
      <line num="100" count="5" type="stmt"/>
      <line num="101" count="0" type="stmt"/>
      <line num="104" count="5" type="stmt"/>
      <line num="107" count="14" type="stmt"/>
      <line num="108" count="14" type="stmt"/>
      <line num="115" count="17" type="stmt"/>
      <line num="116" count="17" type="stmt"/>
      <line num="117" count="17" type="stmt"/>
      <line num="119" count="17" type="stmt"/>
      <line num="120" count="17" type="stmt"/>
      <line num="121" count="17" type="stmt"/>
      <line num="124" count="17" type="stmt"/>
      <line num="125" count="3" type="stmt"/>
      <line num="126" count="3" type="stmt"/>
      <line num="129" count="3" type="cond" truecount="1" falsecount="1"/>
      <line num="130" count="0" type="stmt"/>
      <line num="131" count="0" type="stmt"/>
      <line num="133" count="3" type="cond" truecount="1" falsecount="1"/>
      <line num="134" count="0" type="stmt"/>
      <line num="135" count="0" type="stmt"/>
      <line num="140" count="3" type="cond" truecount="3" falsecount="1"/>
      <line num="141" count="3" type="stmt"/>
      <line num="142" count="3" type="stmt"/>
      <line num="143" count="3" type="stmt"/>
      <line num="144" count="3" type="stmt"/>
      <line num="149" count="3" type="stmt"/>
      <line num="150" count="3" type="stmt"/>
      <line num="151" count="3" type="stmt"/>
      <line num="153" count="2" type="stmt"/>
      <line num="154" count="0" type="cond" truecount="0" falsecount="2"/>
      <line num="155" count="0" type="stmt"/>
      <line num="156" count="0" type="stmt"/>
      <line num="157" count="0" type="stmt"/>
      <line num="159" count="2" type="cond" truecount="1" falsecount="1"/>
      <line num="164" count="4" type="cond" truecount="2" falsecount="0"/>
      <line num="165" count="3" type="stmt"/>
      <line num="166" count="3" type="stmt"/>
      <line num="167" count="0" type="cond" truecount="0" falsecount="2"/>
      <line num="168" count="0" type="stmt"/>
      <line num="177" count="14" type="cond" truecount="1" falsecount="1"/>
      <line num="178" count="0" type="stmt"/>
      <line num="179" count="0" type="stmt"/>
      <line num="181" count="14" type="cond" truecount="1" falsecount="1"/>
      <line num="182" count="0" type="stmt"/>
      <line num="183" count="0" type="stmt"/>
      <line num="185" count="14" type="cond" truecount="1" falsecount="1"/>
      <line num="186" count="0" type="stmt"/>
      <line num="187" count="0" type="stmt"/>
      <line num="188" count="0" type="stmt"/>
      <line num="189" count="0" type="stmt"/>
      <line num="191" count="14" type="stmt"/>
      <line num="192" count="14" type="stmt"/>
      <line num="196" count="14" type="cond" truecount="3" falsecount="1"/>
      <line num="198" count="14" type="cond" truecount="1" falsecount="1"/>
      <line num="203" count="14" type="stmt"/>
      <line num="204" count="14" type="stmt"/>
      <line num="206" count="0" type="stmt"/>
      <line num="207" count="0" type="stmt"/>
      <line num="208" count="0" type="stmt"/>
      <line num="210" count="14" type="stmt"/>
      <line num="212" count="14" type="stmt"/>
      <line num="213" count="1" type="cond" truecount="1" falsecount="1"/>
      <line num="214" count="1" type="stmt"/>
      <line num="225" count="1" type="stmt"/>
      <line num="226" count="1" type="stmt"/>
      <line num="227" count="1" type="stmt"/>
      <line num="228" count="1" type="stmt"/>
      <line num="231" count="1" type="cond" truecount="1" falsecount="1"/>
      <line num="232" count="1" type="stmt"/>
      <line num="233" count="0" type="cond" truecount="0" falsecount="2"/>
      <line num="234" count="0" type="stmt"/>
      <line num="239" count="14" type="stmt"/>
      <line num="240" count="0" type="cond" truecount="0" falsecount="2"/>
      <line num="241" count="0" type="stmt"/>
      <line num="242" count="0" type="stmt"/>
      <line num="243" count="0" type="cond" truecount="0" falsecount="2"/>
      <line num="244" count="0" type="stmt"/>
      <line num="246" count="0" type="stmt"/>
      <line num="249" count="14" type="stmt"/>
      <line num="253" count="0" type="cond" truecount="0" falsecount="2"/>
      <line num="254" count="0" type="cond" truecount="0" falsecount="2"/>
      <line num="257" count="0" type="stmt"/>
      <line num="258" count="0" type="stmt"/>
      <line num="259" count="0" type="stmt"/>
      <line num="266" count="7" type="stmt"/>
      <line num="267" count="7" type="stmt"/>
      <line num="269" count="0" type="stmt"/>
      <line num="270" count="0" type="stmt"/>
      <line num="271" count="0" type="stmt"/>
      <line num="272" count="0" type="cond" truecount="0" falsecount="2"/>
      <line num="273" count="0" type="cond" truecount="0" falsecount="2"/>
      <line num="274" count="0" type="stmt"/>
      <line num="277" count="0" type="stmt"/>
      <line num="278" count="0" type="stmt"/>
    </file>
    <file name="safety.ts" path="/Users/csells/Code/csells/hyper-pi/pi-socket/src/safety.ts">
      <metrics statements="7" coveredstatements="7" conditionals="4" coveredconditionals="4" methods="3" coveredmethods="3"/>
      <line num="28" count="38" type="stmt"/>
      <line num="29" count="13" type="stmt"/>
      <line num="30" count="13" type="stmt"/>
      <line num="32" count="13" type="cond" truecount="4" falsecount="0"/>
      <line num="33" count="2" type="stmt"/>
      <line num="34" count="1" type="stmt"/>
      <line num="38" count="1" type="stmt"/>
    </file>
  </project>
</coverage>
