{"/Users/csells/Code/csells/hyper-pi/pi-socket/src/history.ts": {"path":"/Users/csells/Code/csells/hyper-pi/pi-socket/src/history.ts","statementMap":{"0":{"start":{"line":4,"column":23},"end":{"line":4,"column":null}},"1":{"start":{"line":22,"column":2},"end":{"line":24,"column":null}},"2":{"start":{"line":23,"column":4},"end":{"line":23,"column":null}},"3":{"start":{"line":26,"column":30},"end":{"line":26,"column":null}},"4":{"start":{"line":28,"column":2},"end":{"line":43,"column":null}},"5":{"start":{"line":29,"column":4},"end":{"line":29,"column":null}},"6":{"start":{"line":29,"column":48},"end":{"line":29,"column":null}},"7":{"start":{"line":30,"column":18},"end":{"line":30,"column":null}},"8":{"start":{"line":33,"column":4},"end":{"line":33,"column":null}},"9":{"start":{"line":33,"column":34},"end":{"line":33,"column":null}},"10":{"start":{"line":35,"column":16},"end":{"line":35,"column":null}},"11":{"start":{"line":36,"column":4},"end":{"line":36,"column":null}},"12":{"start":{"line":36,"column":48},"end":{"line":36,"column":null}},"13":{"start":{"line":39,"column":14},"end":{"line":39,"column":null}},"14":{"start":{"line":40,"column":4},"end":{"line":40,"column":null}},"15":{"start":{"line":40,"column":36},"end":{"line":40,"column":null}},"16":{"start":{"line":42,"column":4},"end":{"line":42,"column":null}},"17":{"start":{"line":46,"column":21},"end":{"line":46,"column":null}},"18":{"start":{"line":47,"column":2},"end":{"line":65,"column":null}},"19":{"start":{"line":48,"column":26},"end":{"line":48,"column":null}},"20":{"start":{"line":51,"column":27},"end":{"line":51,"column":null}},"21":{"start":{"line":52,"column":23},"end":{"line":52,"column":null}},"22":{"start":{"line":53,"column":31},"end":{"line":53,"column":null}},"23":{"start":{"line":54,"column":21},"end":{"line":54,"column":null}},"24":{"start":{"line":56,"column":30},"end":{"line":56,"column":null}},"25":{"start":{"line":58,"column":4},"end":{"line":64,"column":null}},"26":{"start":{"line":67,"column":2},"end":{"line":71,"column":null}},"27":{"start":{"line":4,"column":23},"end":{"line":4,"column":33}},"28":{"start":{"line":26,"column":30},"end":{"line":26,"column":32}},"29":{"start":{"line":30,"column":18},"end":{"line":30,"column":48}},"30":{"start":{"line":35,"column":16},"end":{"line":35,"column":29}},"31":{"start":{"line":39,"column":14},"end":{"line":39,"column":44}},"32":{"start":{"line":46,"column":21},"end":{"line":46,"column":45}},"33":{"start":{"line":47,"column":2},"end":{"line":60,"column":null}},"34":{"start":{"line":48,"column":26},"end":{"line":48,"column":41}},"35":{"start":{"line":49,"column":4},"end":{"line":52,"column":null}},"36":{"start":{"line":50,"column":6},"end":{"line":50,"column":null}},"37":{"start":{"line":51,"column":6},"end":{"line":51,"column":null}},"38":{"start":{"line":51,"column":61},"end":{"line":51,"column":null}},"39":{"start":{"line":53,"column":4},"end":{"line":59,"column":null}},"40":{"start":{"line":62,"column":2},"end":{"line":66,"column":null}}},"fnMap":{"0":{"name":"buildInitState","decl":{"start":{"line":17,"column":16},"end":{"line":17,"column":null}},"loc":{"start":{"line":20,"column":18},"end":{"line":72,"column":null}},"line":20},"1":{"name":"buildInitState","decl":{"start":{"line":17,"column":16},"end":{"line":17,"column":30}},"loc":{"start":{"line":19,"column":19},"end":{"line":67,"column":null}},"line":19}},"branchMap":{"0":{"loc":{"start":{"line":22,"column":2},"end":{"line":24,"column":null}},"type":"if","locations":[{"start":{"line":22,"column":2},"end":{"line":24,"column":null}},{"start":{},"end":{}}],"line":22},"1":{"loc":{"start":{"line":23,"column":54},"end":{"line":23,"column":66}},"type":"binary-expr","locations":[{"start":{"line":23,"column":54},"end":{"line":23,"column":63}},{"start":{"line":23,"column":63},"end":{"line":23,"column":66}}],"line":23},"2":{"loc":{"start":{"line":29,"column":4},"end":{"line":29,"column":null}},"type":"if","locations":[{"start":{"line":29,"column":4},"end":{"line":29,"column":null}},{"start":{},"end":{}}],"line":29},"3":{"loc":{"start":{"line":29,"column":8},"end":{"line":29,"column":48}},"type":"binary-expr","locations":[{"start":{"line":29,"column":8},"end":{"line":29,"column":23}},{"start":{"line":29,"column":23},"end":{"line":29,"column":48}}],"line":29},"4":{"loc":{"start":{"line":33,"column":4},"end":{"line":33,"column":null}},"type":"if","locations":[{"start":{"line":33,"column":4},"end":{"line":33,"column":null}},{"start":{},"end":{}}],"line":33},"5":{"loc":{"start":{"line":36,"column":4},"end":{"line":36,"column":null}},"type":"if","locations":[{"start":{"line":36,"column":4},"end":{"line":36,"column":null}},{"start":{},"end":{}}],"line":36},"6":{"loc":{"start":{"line":36,"column":8},"end":{"line":36,"column":48}},"type":"binary-expr","locations":[{"start":{"line":36,"column":8},"end":{"line":36,"column":23}},{"start":{"line":36,"column":23},"end":{"line":36,"column":48}}],"line":36},"7":{"loc":{"start":{"line":40,"column":4},"end":{"line":40,"column":null}},"type":"if","locations":[{"start":{"line":40,"column":4},"end":{"line":40,"column":null}},{"start":{},"end":{}}],"line":40},"8":{"loc":{"start":{"line":47,"column":2},"end":{"line":65,"column":null}},"type":"if","locations":[{"start":{"line":47,"column":2},"end":{"line":65,"column":null}},{"start":{},"end":{}}],"line":47},"9":{"loc":{"start":{"line":61,"column":13},"end":{"line":61,"column":null}},"type":"binary-expr","locations":[{"start":{"line":61,"column":13},"end":{"line":61,"column":22}},{"start":{"line":61,"column":22},"end":{"line":61,"column":null}}],"line":61},"10":{"loc":{"start":{"line":70,"column":11},"end":{"line":70,"column":null}},"type":"binary-expr","locations":[{"start":{"line":70,"column":11},"end":{"line":70,"column":20}},{"start":{"line":70,"column":20},"end":{"line":70,"column":null}}],"line":70},"11":{"loc":{"start":{"line":23,"column":54},"end":{"line":23,"column":65}},"type":"binary-expr","locations":[{"start":{"line":23,"column":54},"end":{"line":23,"column":59}},{"start":{"line":23,"column":63},"end":{"line":23,"column":65}}],"line":23},"12":{"loc":{"start":{"line":29,"column":8},"end":{"line":29,"column":46}},"type":"binary-expr","locations":[{"start":{"line":29,"column":8},"end":{"line":29,"column":19}},{"start":{"line":29,"column":23},"end":{"line":29,"column":46}}],"line":29},"13":{"loc":{"start":{"line":36,"column":8},"end":{"line":36,"column":46}},"type":"binary-expr","locations":[{"start":{"line":36,"column":8},"end":{"line":36,"column":19}},{"start":{"line":36,"column":23},"end":{"line":36,"column":46}}],"line":36},"14":{"loc":{"start":{"line":47,"column":2},"end":{"line":60,"column":null}},"type":"if","locations":[{"start":{"line":47,"column":2},"end":{"line":60,"column":null}},{"start":{},"end":{}}],"line":47},"15":{"loc":{"start":{"line":51,"column":6},"end":{"line":51,"column":null}},"type":"if","locations":[{"start":{"line":51,"column":6},"end":{"line":51,"column":null}},{"start":{},"end":{}}],"line":51},"16":{"loc":{"start":{"line":56,"column":13},"end":{"line":56,"column":24}},"type":"binary-expr","locations":[{"start":{"line":56,"column":13},"end":{"line":56,"column":18}},{"start":{"line":56,"column":22},"end":{"line":56,"column":24}}],"line":56},"17":{"loc":{"start":{"line":65,"column":11},"end":{"line":65,"column":22}},"type":"binary-expr","locations":[{"start":{"line":65,"column":11},"end":{"line":65,"column":16}},{"start":{"line":65,"column":20},"end":{"line":65,"column":22}}],"line":65}},"s":{"0":2,"1":27,"2":2,"3":16,"4":25,"5":108,"6":0,"7":103,"8":108,"9":4,"10":101,"11":104,"12":4,"13":99,"14":100,"15":2,"16":98,"17":16,"18":16,"19":11,"20":2,"21":2,"22":2,"23":2,"24":2,"25":2,"26":14,"27":3,"28":25,"29":108,"30":104,"31":100,"32":25,"33":25,"34":2,"35":16,"36":16,"37":16,"38":2,"39":16,"40":9},"f":{"0":17,"1":10},"b":{"0":[2,25],"1":[2,9],"2":[0,108],"3":[94,108],"4":[4,104],"5":[4,100],"6":[94,100],"7":[2,98],"8":[2,14],"9":[2,0],"10":[14,0],"11":[2,0],"12":[108,108],"13":[104,100],"14":[2,23],"15":[2,14],"16":[2,14],"17":[11,14]},"meta":{"lastBranch":11,"lastFunction":1,"lastStatement":27,"seen":{"s:4:23:4:Infinity":0,"f:17:16:17:Infinity":0,"b:22:2:24:Infinity:undefined:undefined:undefined:undefined":0,"s:22:2:24:Infinity":1,"s:23:4:23:Infinity":2,"b:23:54:23:63:23:63:23:66":1,"s:26:30:26:Infinity":3,"s:28:2:43:Infinity":4,"b:29:4:29:Infinity:undefined:undefined:undefined:undefined":2,"s:29:4:29:Infinity":5,"b:29:8:29:23:29:23:29:48":3,"s:29:48:29:Infinity":6,"s:30:18:30:Infinity":7,"b:33:4:33:Infinity:undefined:undefined:undefined:undefined":4,"s:33:4:33:Infinity":8,"s:33:34:33:Infinity":9,"s:35:16:35:Infinity":10,"b:36:4:36:Infinity:undefined:undefined:undefined:undefined":5,"s:36:4:36:Infinity":11,"b:36:8:36:23:36:23:36:48":6,"s:36:48:36:Infinity":12,"s:39:14:39:Infinity":13,"b:40:4:40:Infinity:undefined:undefined:undefined:undefined":7,"s:40:4:40:Infinity":14,"s:40:36:40:Infinity":15,"s:42:4:42:Infinity":16,"s:46:21:46:Infinity":17,"b:47:2:65:Infinity:undefined:undefined:undefined:undefined":8,"s:47:2:65:Infinity":18,"s:48:26:48:Infinity":19,"s:51:27:51:Infinity":20,"s:52:23:52:Infinity":21,"s:53:31:53:Infinity":22,"s:54:21:54:Infinity":23,"s:56:30:56:Infinity":24,"s:58:4:64:Infinity":25,"b:61:13:61:22:61:22:61:Infinity":9,"s:67:2:71:Infinity":26,"b:70:11:70:20:70:20:70:Infinity":10}}}
,"/Users/csells/Code/csells/hyper-pi/pi-socket/src/index.ts": {"path":"/Users/csells/Code/csells/hyper-pi/pi-socket/src/index.ts","statementMap":{"0":{"start":{"line":37,"column":15},"end":{"line":37,"column":null}},"1":{"start":{"line":38,"column":36},"end":{"line":38,"column":null}},"2":{"start":{"line":39,"column":38},"end":{"line":39,"column":null}},"3":{"start":{"line":40,"column":26},"end":{"line":40,"column":null}},"4":{"start":{"line":41,"column":27},"end":{"line":41,"column":null}},"5":{"start":{"line":42,"column":23},"end":{"line":42,"column":null}},"6":{"start":{"line":43,"column":26},"end":{"line":43,"column":null}},"7":{"start":{"line":44,"column":61},"end":{"line":44,"column":null}},"8":{"start":{"line":45,"column":65},"end":{"line":45,"column":null}},"9":{"start":{"line":47,"column":20},"end":{"line":47,"column":null}},"10":{"start":{"line":48,"column":22},"end":{"line":48,"column":null}},"11":{"start":{"line":49,"column":25},"end":{"line":49,"column":null}},"12":{"start":{"line":50,"column":23},"end":{"line":50,"column":null}},"13":{"start":{"line":51,"column":20},"end":{"line":51,"column":null}},"14":{"start":{"line":53,"column":2},"end":{"line":53,"column":null}},"15":{"start":{"line":56,"column":31},"end":{"line":56,"column":null}},"16":{"start":{"line":58,"column":2},"end":{"line":109,"column":null}},"17":{"start":{"line":60,"column":4},"end":{"line":60,"column":null}},"18":{"start":{"line":61,"column":4},"end":{"line":61,"column":null}},"19":{"start":{"line":64,"column":4},"end":{"line":67,"column":null}},"20":{"start":{"line":65,"column":6},"end":{"line":65,"column":null}},"21":{"start":{"line":66,"column":6},"end":{"line":66,"column":null}},"22":{"start":{"line":72,"column":4},"end":{"line":72,"column":null}},"23":{"start":{"line":75,"column":17},"end":{"line":75,"column":null}},"24":{"start":{"line":76,"column":4},"end":{"line":76,"column":null}},"25":{"start":{"line":77,"column":4},"end":{"line":77,"column":null}},"26":{"start":{"line":78,"column":4},"end":{"line":78,"column":null}},"27":{"start":{"line":80,"column":4},"end":{"line":105,"column":null}},"28":{"start":{"line":81,"column":6},"end":{"line":81,"column":null}},"29":{"start":{"line":83,"column":12},"end":{"line":86,"column":null}},"30":{"start":{"line":87,"column":6},"end":{"line":89,"column":null}},"31":{"start":{"line":88,"column":8},"end":{"line":88,"column":null}},"32":{"start":{"line":91,"column":6},"end":{"line":98,"column":null}},"33":{"start":{"line":92,"column":21},"end":{"line":92,"column":null}},"34":{"start":{"line":93,"column":8},"end":{"line":97,"column":null}},"35":{"start":{"line":94,"column":10},"end":{"line":94,"column":null}},"36":{"start":{"line":96,"column":10},"end":{"line":96,"column":null}},"37":{"start":{"line":100,"column":6},"end":{"line":102,"column":null}},"38":{"start":{"line":101,"column":8},"end":{"line":101,"column":null}},"39":{"start":{"line":104,"column":6},"end":{"line":104,"column":null}},"40":{"start":{"line":107,"column":4},"end":{"line":107,"column":null}},"41":{"start":{"line":108,"column":4},"end":{"line":108,"column":null}},"42":{"start":{"line":115,"column":2},"end":{"line":115,"column":null}},"43":{"start":{"line":115,"column":36},"end":{"line":115,"column":52}},"44":{"start":{"line":116,"column":2},"end":{"line":116,"column":null}},"45":{"start":{"line":116,"column":37},"end":{"line":116,"column":53}},"46":{"start":{"line":117,"column":2},"end":{"line":117,"column":null}},"47":{"start":{"line":117,"column":34},"end":{"line":117,"column":50}},"48":{"start":{"line":119,"column":2},"end":{"line":119,"column":null}},"49":{"start":{"line":119,"column":43},"end":{"line":119,"column":59}},"50":{"start":{"line":120,"column":2},"end":{"line":120,"column":null}},"51":{"start":{"line":120,"column":44},"end":{"line":120,"column":60}},"52":{"start":{"line":121,"column":2},"end":{"line":121,"column":null}},"53":{"start":{"line":121,"column":41},"end":{"line":121,"column":57}},"54":{"start":{"line":124,"column":2},"end":{"line":160,"column":null}},"55":{"start":{"line":125,"column":4},"end":{"line":125,"column":null}},"56":{"start":{"line":126,"column":4},"end":{"line":126,"column":null}},"57":{"start":{"line":129,"column":4},"end":{"line":132,"column":null}},"58":{"start":{"line":130,"column":6},"end":{"line":130,"column":null}},"59":{"start":{"line":131,"column":6},"end":{"line":131,"column":null}},"60":{"start":{"line":133,"column":4},"end":{"line":136,"column":null}},"61":{"start":{"line":134,"column":6},"end":{"line":134,"column":null}},"62":{"start":{"line":135,"column":6},"end":{"line":135,"column":null}},"63":{"start":{"line":140,"column":4},"end":{"line":158,"column":null}},"64":{"start":{"line":141,"column":17},"end":{"line":141,"column":null}},"65":{"start":{"line":142,"column":6},"end":{"line":142,"column":null}},"66":{"start":{"line":143,"column":6},"end":{"line":143,"column":null}},"67":{"start":{"line":144,"column":30},"end":{"line":148,"column":null}},"68":{"start":{"line":149,"column":6},"end":{"line":152,"column":null}},"69":{"start":{"line":150,"column":8},"end":{"line":150,"column":null}},"70":{"start":{"line":150,"column":43},"end":{"line":150,"column":52}},"71":{"start":{"line":151,"column":8},"end":{"line":151,"column":null}},"72":{"start":{"line":153,"column":6},"end":{"line":153,"column":null}},"73":{"start":{"line":154,"column":4},"end":{"line":158,"column":null}},"74":{"start":{"line":155,"column":6},"end":{"line":155,"column":null}},"75":{"start":{"line":156,"column":6},"end":{"line":156,"column":null}},"76":{"start":{"line":157,"column":6},"end":{"line":157,"column":null}},"77":{"start":{"line":159,"column":4},"end":{"line":159,"column":null}},"78":{"start":{"line":159,"column":13},"end":{"line":159,"column":null}},"79":{"start":{"line":164,"column":4},"end":{"line":164,"column":null}},"80":{"start":{"line":164,"column":14},"end":{"line":164,"column":null}},"81":{"start":{"line":165,"column":16},"end":{"line":165,"column":null}},"82":{"start":{"line":166,"column":4},"end":{"line":170,"column":null}},"83":{"start":{"line":167,"column":6},"end":{"line":169,"column":null}},"84":{"start":{"line":168,"column":8},"end":{"line":168,"column":null}},"85":{"start":{"line":177,"column":4},"end":{"line":180,"column":null}},"86":{"start":{"line":178,"column":6},"end":{"line":178,"column":null}},"87":{"start":{"line":179,"column":6},"end":{"line":179,"column":null}},"88":{"start":{"line":181,"column":4},"end":{"line":184,"column":null}},"89":{"start":{"line":182,"column":6},"end":{"line":182,"column":null}},"90":{"start":{"line":183,"column":6},"end":{"line":183,"column":null}},"91":{"start":{"line":185,"column":4},"end":{"line":190,"column":null}},"92":{"start":{"line":186,"column":20},"end":{"line":186,"column":null}},"93":{"start":{"line":187,"column":6},"end":{"line":187,"column":null}},"94":{"start":{"line":188,"column":6},"end":{"line":188,"column":null}},"95":{"start":{"line":189,"column":6},"end":{"line":189,"column":null}},"96":{"start":{"line":191,"column":4},"end":{"line":191,"column":null}},"97":{"start":{"line":192,"column":4},"end":{"line":192,"column":null}},"98":{"start":{"line":196,"column":4},"end":{"line":196,"column":null}},"99":{"start":{"line":196,"column":49},"end":{"line":196,"column":null}},"100":{"start":{"line":198,"column":16},"end":{"line":200,"column":null}},"101":{"start":{"line":203,"column":4},"end":{"line":209,"column":null}},"102":{"start":{"line":204,"column":6},"end":{"line":204,"column":null}},"103":{"start":{"line":206,"column":6},"end":{"line":206,"column":null}},"104":{"start":{"line":207,"column":6},"end":{"line":207,"column":null}},"105":{"start":{"line":208,"column":6},"end":{"line":208,"column":null}},"106":{"start":{"line":210,"column":4},"end":{"line":210,"column":null}},"107":{"start":{"line":212,"column":4},"end":{"line":237,"column":null}},"108":{"start":{"line":213,"column":6},"end":{"line":213,"column":null}},"109":{"start":{"line":213,"column":44},"end":{"line":213,"column":null}},"110":{"start":{"line":214,"column":30},"end":{"line":224,"column":null}},"111":{"start":{"line":225,"column":6},"end":{"line":225,"column":null}},"112":{"start":{"line":226,"column":6},"end":{"line":226,"column":null}},"113":{"start":{"line":227,"column":6},"end":{"line":227,"column":null}},"114":{"start":{"line":228,"column":6},"end":{"line":228,"column":null}},"115":{"start":{"line":231,"column":6},"end":{"line":231,"column":null}},"116":{"start":{"line":231,"column":29},"end":{"line":231,"column":null}},"117":{"start":{"line":232,"column":6},"end":{"line":236,"column":null}},"118":{"start":{"line":233,"column":8},"end":{"line":235,"column":null}},"119":{"start":{"line":234,"column":10},"end":{"line":234,"column":null}},"120":{"start":{"line":239,"column":4},"end":{"line":247,"column":null}},"121":{"start":{"line":240,"column":6},"end":{"line":240,"column":null}},"122":{"start":{"line":240,"column":31},"end":{"line":240,"column":65}},"123":{"start":{"line":240,"column":65},"end":{"line":240,"column":91}},"124":{"start":{"line":241,"column":27},"end":{"line":241,"column":null}},"125":{"start":{"line":242,"column":6},"end":{"line":242,"column":null}},"126":{"start":{"line":243,"column":6},"end":{"line":245,"column":null}},"127":{"start":{"line":244,"column":8},"end":{"line":244,"column":null}},"128":{"start":{"line":246,"column":6},"end":{"line":246,"column":null}},"129":{"start":{"line":249,"column":4},"end":{"line":249,"column":null}},"130":{"start":{"line":253,"column":4},"end":{"line":253,"column":null}},"131":{"start":{"line":253,"column":27},"end":{"line":253,"column":null}},"132":{"start":{"line":254,"column":4},"end":{"line":256,"column":null}},"133":{"start":{"line":257,"column":4},"end":{"line":260,"column":null}},"134":{"start":{"line":258,"column":6},"end":{"line":258,"column":null}},"135":{"start":{"line":259,"column":6},"end":{"line":259,"column":null}},"136":{"start":{"line":266,"column":2},"end":{"line":280,"column":null}},"137":{"start":{"line":267,"column":4},"end":{"line":267,"column":null}},"138":{"start":{"line":269,"column":4},"end":{"line":269,"column":null}},"139":{"start":{"line":270,"column":4},"end":{"line":279,"column":null}},"140":{"start":{"line":271,"column":6},"end":{"line":275,"column":null}},"141":{"start":{"line":272,"column":8},"end":{"line":272,"column":null}},"142":{"start":{"line":272,"column":37},"end":{"line":272,"column":null}},"143":{"start":{"line":273,"column":8},"end":{"line":273,"column":null}},"144":{"start":{"line":273,"column":39},"end":{"line":273,"column":null}},"145":{"start":{"line":274,"column":8},"end":{"line":274,"column":null}},"146":{"start":{"line":277,"column":6},"end":{"line":277,"column":null}},"147":{"start":{"line":278,"column":6},"end":{"line":278,"column":null}}},"fnMap":{"0":{"name":"piSocket","decl":{"start":{"line":36,"column":24},"end":{"line":36,"column":33}},"loc":{"start":{"line":36,"column":51},"end":{"line":262,"column":null}},"line":36},"1":{"name":"(anonymous_1)","decl":{"start":{"line":58,"column":25},"end":{"line":58,"column":32}},"loc":{"start":{"line":58,"column":48},"end":{"line":109,"column":3}},"line":58},"2":{"name":"(anonymous_2)","decl":{"start":{"line":80,"column":52},"end":{"line":80,"column":53}},"loc":{"start":{"line":80,"column":60},"end":{"line":105,"column":5}},"line":80},"3":{"name":"(anonymous_3)","decl":{"start":{"line":91,"column":46},"end":{"line":91,"column":47}},"loc":{"start":{"line":91,"column":56},"end":{"line":98,"column":7}},"line":91},"4":{"name":"(anonymous_4)","decl":{"start":{"line":100,"column":21},"end":{"line":100,"column":27}},"loc":{"start":{"line":100,"column":27},"end":{"line":102,"column":7}},"line":100},"5":{"name":"(anonymous_5)","decl":{"start":{"line":104,"column":21},"end":{"line":104,"column":27}},"loc":{"start":{"line":104,"column":27},"end":{"line":104,"column":29}},"line":104},"6":{"name":"(anonymous_6)","decl":{"start":{"line":107,"column":20},"end":{"line":107,"column":26}},"loc":{"start":{"line":107,"column":26},"end":{"line":107,"column":28}},"line":107},"7":{"name":"(anonymous_7)","decl":{"start":{"line":115,"column":25},"end":{"line":115,"column":26}},"loc":{"start":{"line":115,"column":36},"end":{"line":115,"column":52}},"line":115},"8":{"name":"(anonymous_8)","decl":{"start":{"line":116,"column":26},"end":{"line":116,"column":27}},"loc":{"start":{"line":116,"column":37},"end":{"line":116,"column":53}},"line":116},"9":{"name":"(anonymous_9)","decl":{"start":{"line":117,"column":23},"end":{"line":117,"column":24}},"loc":{"start":{"line":117,"column":34},"end":{"line":117,"column":50}},"line":117},"10":{"name":"(anonymous_10)","decl":{"start":{"line":119,"column":32},"end":{"line":119,"column":33}},"loc":{"start":{"line":119,"column":43},"end":{"line":119,"column":59}},"line":119},"11":{"name":"(anonymous_11)","decl":{"start":{"line":120,"column":33},"end":{"line":120,"column":34}},"loc":{"start":{"line":120,"column":44},"end":{"line":120,"column":60}},"line":120},"12":{"name":"(anonymous_12)","decl":{"start":{"line":121,"column":30},"end":{"line":121,"column":31}},"loc":{"start":{"line":121,"column":41},"end":{"line":121,"column":57}},"line":121},"13":{"name":"(anonymous_13)","decl":{"start":{"line":124,"column":28},"end":{"line":124,"column":40}},"loc":{"start":{"line":124,"column":40},"end":{"line":160,"column":3}},"line":124},"14":{"name":"(anonymous_14)","decl":{"start":{"line":149,"column":30},"end":{"line":149,"column":31}},"loc":{"start":{"line":149,"column":43},"end":{"line":152,"column":7}},"line":149},"15":{"name":"(anonymous_15)","decl":{"start":{"line":150,"column":37},"end":{"line":150,"column":43}},"loc":{"start":{"line":150,"column":43},"end":{"line":150,"column":52}},"line":150},"16":{"name":"broadcast","decl":{"start":{"line":163,"column":11},"end":{"line":163,"column":21}},"loc":{"start":{"line":163,"column":45},"end":{"line":171,"column":null}},"line":163},"17":{"name":"teardownHypivisor","decl":{"start":{"line":176,"column":11},"end":{"line":176,"column":37}},"loc":{"start":{"line":176,"column":37},"end":{"line":193,"column":null}},"line":176},"18":{"name":"connectToHypivisor","decl":{"start":{"line":195,"column":11},"end":{"line":195,"column":30}},"loc":{"start":{"line":195,"column":50},"end":{"line":250,"column":null}},"line":195},"19":{"name":"(anonymous_19)","decl":{"start":{"line":212,"column":45},"end":{"line":212,"column":51}},"loc":{"start":{"line":212,"column":51},"end":{"line":237,"column":5}},"line":212},"20":{"name":"(anonymous_20)","decl":{"start":{"line":232,"column":38},"end":{"line":232,"column":44}},"loc":{"start":{"line":232,"column":44},"end":{"line":236,"column":9}},"line":232},"21":{"name":"(anonymous_21)","decl":{"start":{"line":239,"column":19},"end":{"line":239,"column":25}},"loc":{"start":{"line":239,"column":25},"end":{"line":247,"column":5}},"line":239},"22":{"name":"(anonymous_22)","decl":{"start":{"line":249,"column":19},"end":{"line":249,"column":25}},"loc":{"start":{"line":249,"column":25},"end":{"line":249,"column":27}},"line":249},"23":{"name":"scheduleReconnect","decl":{"start":{"line":252,"column":11},"end":{"line":252,"column":29}},"loc":{"start":{"line":252,"column":49},"end":{"line":261,"column":null}},"line":252},"24":{"name":"(anonymous_24)","decl":{"start":{"line":257,"column":54},"end":{"line":257,"column":60}},"loc":{"start":{"line":257,"column":60},"end":{"line":260,"column":5}},"line":257},"25":{"name":"safeSerialize","decl":{"start":{"line":265,"column":9},"end":{"line":265,"column":23}},"loc":{"start":{"line":265,"column":47},"end":{"line":281,"column":null}},"line":265},"26":{"name":"(anonymous_26)","decl":{"start":{"line":271,"column":35},"end":{"line":271,"column":36}},"loc":{"start":{"line":271,"column":50},"end":{"line":275,"column":7}},"line":271}},"branchMap":{"0":{"loc":{"start":{"line":47,"column":29},"end":{"line":47,"column":67}},"type":"binary-expr","locations":[{"start":{"line":47,"column":29},"end":{"line":47,"column":59}},{"start":{"line":47,"column":59},"end":{"line":47,"column":67}}],"line":47},"1":{"loc":{"start":{"line":48,"column":31},"end":{"line":48,"column":77}},"type":"binary-expr","locations":[{"start":{"line":48,"column":31},"end":{"line":48,"column":69}},{"start":{"line":48,"column":69},"end":{"line":48,"column":77}}],"line":48},"2":{"loc":{"start":{"line":50,"column":23},"end":{"line":50,"column":null}},"type":"binary-expr","locations":[{"start":{"line":50,"column":23},"end":{"line":50,"column":51}},{"start":{"line":50,"column":51},"end":{"line":50,"column":null}}],"line":50},"3":{"loc":{"start":{"line":51,"column":20},"end":{"line":51,"column":null}},"type":"binary-expr","locations":[{"start":{"line":51,"column":20},"end":{"line":51,"column":46}},{"start":{"line":51,"column":46},"end":{"line":51,"column":null}}],"line":51},"4":{"loc":{"start":{"line":64,"column":4},"end":{"line":67,"column":null}},"type":"if","locations":[{"start":{"line":64,"column":4},"end":{"line":67,"column":null}},{"start":{},"end":{}}],"line":64},"5":{"loc":{"start":{"line":75,"column":17},"end":{"line":75,"column":null}},"type":"binary-expr","locations":[{"start":{"line":75,"column":17},"end":{"line":75,"column":29}},{"start":{"line":75,"column":29},"end":{"line":75,"column":null}}],"line":75},"6":{"loc":{"start":{"line":87,"column":6},"end":{"line":89,"column":null}},"type":"if","locations":[{"start":{"line":87,"column":6},"end":{"line":89,"column":null}},{"start":{},"end":{}}],"line":87},"7":{"loc":{"start":{"line":93,"column":8},"end":{"line":97,"column":null}},"type":"if","locations":[{"start":{"line":93,"column":8},"end":{"line":97,"column":null}},{"start":{"line":95,"column":15},"end":{"line":97,"column":null}}],"line":93},"8":{"loc":{"start":{"line":129,"column":4},"end":{"line":132,"column":null}},"type":"if","locations":[{"start":{"line":129,"column":4},"end":{"line":132,"column":null}},{"start":{},"end":{}}],"line":129},"9":{"loc":{"start":{"line":133,"column":4},"end":{"line":136,"column":null}},"type":"if","locations":[{"start":{"line":133,"column":4},"end":{"line":136,"column":null}},{"start":{},"end":{}}],"line":133},"10":{"loc":{"start":{"line":140,"column":4},"end":{"line":158,"column":null}},"type":"if","locations":[{"start":{"line":140,"column":4},"end":{"line":158,"column":null}},{"start":{"line":154,"column":4},"end":{"line":158,"column":null}}],"line":140},"11":{"loc":{"start":{"line":140,"column":8},"end":{"line":140,"column":66}},"type":"binary-expr","locations":[{"start":{"line":140,"column":8},"end":{"line":140,"column":23}},{"start":{"line":140,"column":23},"end":{"line":140,"column":66}}],"line":140},"12":{"loc":{"start":{"line":154,"column":4},"end":{"line":158,"column":null}},"type":"if","locations":[{"start":{"line":154,"column":4},"end":{"line":158,"column":null}},{"start":{},"end":{}}],"line":154},"13":{"loc":{"start":{"line":159,"column":4},"end":{"line":159,"column":null}},"type":"if","locations":[{"start":{"line":159,"column":4},"end":{"line":159,"column":null}},{"start":{},"end":{}}],"line":159},"14":{"loc":{"start":{"line":164,"column":4},"end":{"line":164,"column":null}},"type":"if","locations":[{"start":{"line":164,"column":4},"end":{"line":164,"column":null}},{"start":{},"end":{}}],"line":164},"15":{"loc":{"start":{"line":167,"column":6},"end":{"line":169,"column":null}},"type":"if","locations":[{"start":{"line":167,"column":6},"end":{"line":169,"column":null}},{"start":{},"end":{}}],"line":167},"16":{"loc":{"start":{"line":177,"column":4},"end":{"line":180,"column":null}},"type":"if","locations":[{"start":{"line":177,"column":4},"end":{"line":180,"column":null}},{"start":{},"end":{}}],"line":177},"17":{"loc":{"start":{"line":181,"column":4},"end":{"line":184,"column":null}},"type":"if","locations":[{"start":{"line":181,"column":4},"end":{"line":184,"column":null}},{"start":{},"end":{}}],"line":181},"18":{"loc":{"start":{"line":185,"column":4},"end":{"line":190,"column":null}},"type":"if","locations":[{"start":{"line":185,"column":4},"end":{"line":190,"column":null}},{"start":{},"end":{}}],"line":185},"19":{"loc":{"start":{"line":196,"column":4},"end":{"line":196,"column":null}},"type":"if","locations":[{"start":{"line":196,"column":4},"end":{"line":196,"column":null}},{"start":{},"end":{}}],"line":196},"20":{"loc":{"start":{"line":196,"column":8},"end":{"line":196,"column":49}},"type":"binary-expr","locations":[{"start":{"line":196,"column":8},"end":{"line":196,"column":30}},{"start":{"line":196,"column":30},"end":{"line":196,"column":49}}],"line":196},"21":{"loc":{"start":{"line":198,"column":16},"end":{"line":200,"column":null}},"type":"cond-expr","locations":[{"start":{"line":199,"column":8},"end":{"line":199,"column":null}},{"start":{"line":200,"column":8},"end":{"line":200,"column":null}}],"line":198},"22":{"loc":{"start":{"line":213,"column":6},"end":{"line":213,"column":null}},"type":"if","locations":[{"start":{"line":213,"column":6},"end":{"line":213,"column":null}},{"start":{},"end":{}}],"line":213},"23":{"loc":{"start":{"line":231,"column":6},"end":{"line":231,"column":null}},"type":"if","locations":[{"start":{"line":231,"column":6},"end":{"line":231,"column":null}},{"start":{},"end":{}}],"line":231},"24":{"loc":{"start":{"line":233,"column":8},"end":{"line":235,"column":null}},"type":"if","locations":[{"start":{"line":233,"column":8},"end":{"line":235,"column":null}},{"start":{},"end":{}}],"line":233},"25":{"loc":{"start":{"line":240,"column":6},"end":{"line":240,"column":null}},"type":"if","locations":[{"start":{"line":240,"column":6},"end":{"line":240,"column":null}},{"start":{},"end":{}}],"line":240},"26":{"loc":{"start":{"line":243,"column":6},"end":{"line":245,"column":null}},"type":"if","locations":[{"start":{"line":243,"column":6},"end":{"line":245,"column":null}},{"start":{},"end":{}}],"line":243},"27":{"loc":{"start":{"line":253,"column":4},"end":{"line":253,"column":null}},"type":"if","locations":[{"start":{"line":253,"column":4},"end":{"line":253,"column":null}},{"start":{},"end":{}}],"line":253},"28":{"loc":{"start":{"line":254,"column":21},"end":{"line":256,"column":null}},"type":"cond-expr","locations":[{"start":{"line":255,"column":8},"end":{"line":255,"column":null}},{"start":{"line":256,"column":8},"end":{"line":256,"column":null}}],"line":254},"29":{"loc":{"start":{"line":272,"column":8},"end":{"line":272,"column":null}},"type":"if","locations":[{"start":{"line":272,"column":8},"end":{"line":272,"column":null}},{"start":{},"end":{}}],"line":272},"30":{"loc":{"start":{"line":273,"column":8},"end":{"line":273,"column":null}},"type":"if","locations":[{"start":{"line":273,"column":8},"end":{"line":273,"column":null}},{"start":{},"end":{}}],"line":273}},"s":{"0":17,"1":17,"2":17,"3":17,"4":17,"5":17,"6":17,"7":17,"8":17,"9":17,"10":17,"11":17,"12":17,"13":17,"14":17,"15":17,"16":17,"17":14,"18":14,"19":14,"20":0,"21":0,"22":14,"23":14,"24":14,"25":14,"26":14,"27":14,"28":5,"29":5,"30":5,"31":4,"32":5,"33":2,"34":2,"35":1,"36":1,"37":5,"38":0,"39":5,"40":14,"41":14,"42":17,"43":2,"44":17,"45":1,"46":17,"47":0,"48":17,"49":1,"50":17,"51":0,"52":17,"53":0,"54":17,"55":3,"56":3,"57":3,"58":0,"59":0,"60":3,"61":0,"62":0,"63":3,"64":3,"65":3,"66":3,"67":3,"68":3,"69":3,"70":0,"71":3,"72":2,"73":0,"74":0,"75":0,"76":0,"77":2,"78":2,"79":4,"80":1,"81":3,"82":3,"83":0,"84":0,"85":14,"86":0,"87":0,"88":14,"89":0,"90":0,"91":14,"92":0,"93":0,"94":0,"95":0,"96":14,"97":14,"98":14,"99":0,"100":14,"101":14,"102":14,"103":0,"104":0,"105":0,"106":14,"107":14,"108":1,"109":0,"110":1,"111":1,"112":1,"113":1,"114":1,"115":1,"116":0,"117":1,"118":0,"119":0,"120":14,"121":0,"122":0,"123":0,"124":0,"125":0,"126":0,"127":0,"128":0,"129":14,"130":0,"131":0,"132":0,"133":0,"134":0,"135":0,"136":7,"137":7,"138":0,"139":0,"140":0,"141":0,"142":0,"143":0,"144":0,"145":0,"146":0,"147":0},"f":{"0":17,"1":14,"2":5,"3":2,"4":0,"5":0,"6":0,"7":2,"8":1,"9":0,"10":1,"11":0,"12":0,"13":3,"14":3,"15":0,"16":4,"17":14,"18":14,"19":1,"20":0,"21":0,"22":0,"23":0,"24":0,"25":7,"26":0},"b":{"0":[17,17],"1":[17,17],"2":[17,17],"3":[17,17],"4":[0,14],"5":[14,14],"6":[4,1],"7":[1,1],"8":[0,3],"9":[0,3],"10":[3,0],"11":[3,3],"12":[0,0],"13":[2,0],"14":[1,3],"15":[0,0],"16":[0,14],"17":[0,14],"18":[0,14],"19":[0,14],"20":[14,14],"21":[0,14],"22":[0,1],"23":[0,1],"24":[0,0],"25":[0,0],"26":[0,0],"27":[0,0],"28":[0,0],"29":[0,0],"30":[0,0]},"meta":{"lastBranch":31,"lastFunction":27,"lastStatement":148,"seen":{"f:36:24:36:33":0,"s:37:15:37:Infinity":0,"s:38:36:38:Infinity":1,"s:39:38:39:Infinity":2,"s:40:26:40:Infinity":3,"s:41:27:41:Infinity":4,"s:42:23:42:Infinity":5,"s:43:26:43:Infinity":6,"s:44:61:44:Infinity":7,"s:45:65:45:Infinity":8,"s:47:20:47:Infinity":9,"b:47:29:47:59:47:59:47:67":0,"s:48:22:48:Infinity":10,"b:48:31:48:69:48:69:48:77":1,"s:49:25:49:Infinity":11,"s:50:23:50:Infinity":12,"b:50:23:50:51:50:51:50:Infinity":2,"s:51:20:51:Infinity":13,"b:51:20:51:46:51:46:51:Infinity":3,"s:53:2:53:Infinity":14,"s:56:31:56:Infinity":15,"s:58:2:109:Infinity":16,"f:58:25:58:32":1,"s:60:4:60:Infinity":17,"s:61:4:61:Infinity":18,"b:64:4:67:Infinity:undefined:undefined:undefined:undefined":4,"s:64:4:67:Infinity":19,"s:65:6:65:Infinity":20,"s:66:6:66:Infinity":21,"s:72:4:72:Infinity":22,"s:75:17:75:Infinity":23,"b:75:17:75:29:75:29:75:Infinity":5,"s:76:4:76:Infinity":24,"s:77:4:77:Infinity":25,"s:78:4:78:Infinity":26,"s:80:4:105:Infinity":27,"f:80:52:80:53":2,"s:81:6:81:Infinity":28,"s:83:12:86:Infinity":29,"b:87:6:89:Infinity:undefined:undefined:undefined:undefined":6,"s:87:6:89:Infinity":30,"s:88:8:88:Infinity":31,"s:91:6:98:Infinity":32,"f:91:46:91:47":3,"s:92:21:92:Infinity":33,"b:93:8:97:Infinity:95:15:97:Infinity":7,"s:93:8:97:Infinity":34,"s:94:10:94:Infinity":35,"s:96:10:96:Infinity":36,"s:100:6:102:Infinity":37,"f:100:21:100:27":4,"s:101:8:101:Infinity":38,"s:104:6:104:Infinity":39,"f:104:21:104:27":5,"s:107:4:107:Infinity":40,"f:107:20:107:26":6,"s:108:4:108:Infinity":41,"s:115:2:115:Infinity":42,"f:115:25:115:26":7,"s:115:36:115:52":43,"s:116:2:116:Infinity":44,"f:116:26:116:27":8,"s:116:37:116:53":45,"s:117:2:117:Infinity":46,"f:117:23:117:24":9,"s:117:34:117:50":47,"s:119:2:119:Infinity":48,"f:119:32:119:33":10,"s:119:43:119:59":49,"s:120:2:120:Infinity":50,"f:120:33:120:34":11,"s:120:44:120:60":51,"s:121:2:121:Infinity":52,"f:121:30:121:31":12,"s:121:41:121:57":53,"s:124:2:160:Infinity":54,"f:124:28:124:40":13,"s:125:4:125:Infinity":55,"s:126:4:126:Infinity":56,"b:129:4:132:Infinity:undefined:undefined:undefined:undefined":8,"s:129:4:132:Infinity":57,"s:130:6:130:Infinity":58,"s:131:6:131:Infinity":59,"b:133:4:136:Infinity:undefined:undefined:undefined:undefined":9,"s:133:4:136:Infinity":60,"s:134:6:134:Infinity":61,"s:135:6:135:Infinity":62,"b:140:4:158:Infinity:154:4:158:Infinity":10,"s:140:4:158:Infinity":63,"b:140:8:140:23:140:23:140:66":11,"s:141:17:141:Infinity":64,"s:142:6:142:Infinity":65,"s:143:6:143:Infinity":66,"s:144:30:148:Infinity":67,"s:149:6:152:Infinity":68,"f:149:30:149:31":14,"s:150:8:150:Infinity":69,"f:150:37:150:43":15,"s:150:43:150:52":70,"s:151:8:151:Infinity":71,"s:153:6:153:Infinity":72,"b:154:4:158:Infinity:undefined:undefined:undefined:undefined":12,"s:154:4:158:Infinity":73,"s:155:6:155:Infinity":74,"s:156:6:156:Infinity":75,"s:157:6:157:Infinity":76,"b:159:4:159:Infinity:undefined:undefined:undefined:undefined":13,"s:159:4:159:Infinity":77,"s:159:13:159:Infinity":78,"f:163:11:163:21":16,"b:164:4:164:Infinity:undefined:undefined:undefined:undefined":14,"s:164:4:164:Infinity":79,"s:164:14:164:Infinity":80,"s:165:16:165:Infinity":81,"s:166:4:170:Infinity":82,"b:167:6:169:Infinity:undefined:undefined:undefined:undefined":15,"s:167:6:169:Infinity":83,"s:168:8:168:Infinity":84,"f:176:11:176:37":17,"b:177:4:180:Infinity:undefined:undefined:undefined:undefined":16,"s:177:4:180:Infinity":85,"s:178:6:178:Infinity":86,"s:179:6:179:Infinity":87,"b:181:4:184:Infinity:undefined:undefined:undefined:undefined":17,"s:181:4:184:Infinity":88,"s:182:6:182:Infinity":89,"s:183:6:183:Infinity":90,"b:185:4:190:Infinity:undefined:undefined:undefined:undefined":18,"s:185:4:190:Infinity":91,"s:186:20:186:Infinity":92,"s:187:6:187:Infinity":93,"s:188:6:188:Infinity":94,"s:189:6:189:Infinity":95,"s:191:4:191:Infinity":96,"s:192:4:192:Infinity":97,"f:195:11:195:30":18,"b:196:4:196:Infinity:undefined:undefined:undefined:undefined":19,"s:196:4:196:Infinity":98,"b:196:8:196:30:196:30:196:49":20,"s:196:49:196:Infinity":99,"s:198:16:200:Infinity":100,"b:199:8:199:Infinity:200:8:200:Infinity":21,"s:203:4:209:Infinity":101,"s:204:6:204:Infinity":102,"s:206:6:206:Infinity":103,"s:207:6:207:Infinity":104,"s:208:6:208:Infinity":105,"s:210:4:210:Infinity":106,"s:212:4:237:Infinity":107,"f:212:45:212:51":19,"b:213:6:213:Infinity:undefined:undefined:undefined:undefined":22,"s:213:6:213:Infinity":108,"s:213:44:213:Infinity":109,"s:214:30:224:Infinity":110,"s:225:6:225:Infinity":111,"s:226:6:226:Infinity":112,"s:227:6:227:Infinity":113,"s:228:6:228:Infinity":114,"b:231:6:231:Infinity:undefined:undefined:undefined:undefined":23,"s:231:6:231:Infinity":115,"s:231:29:231:Infinity":116,"s:232:6:236:Infinity":117,"f:232:38:232:44":20,"b:233:8:235:Infinity:undefined:undefined:undefined:undefined":24,"s:233:8:235:Infinity":118,"s:234:10:234:Infinity":119,"s:239:4:247:Infinity":120,"f:239:19:239:25":21,"b:240:6:240:Infinity:undefined:undefined:undefined:undefined":25,"s:240:6:240:Infinity":121,"s:240:31:240:65":122,"s:240:65:240:91":123,"s:241:27:241:Infinity":124,"s:242:6:242:Infinity":125,"b:243:6:245:Infinity:undefined:undefined:undefined:undefined":26,"s:243:6:245:Infinity":126,"s:244:8:244:Infinity":127,"s:246:6:246:Infinity":128,"s:249:4:249:Infinity":129,"f:249:19:249:25":22,"f:252:11:252:29":23,"b:253:4:253:Infinity:undefined:undefined:undefined:undefined":27,"s:253:4:253:Infinity":130,"s:253:27:253:Infinity":131,"s:254:4:256:Infinity":132,"b:255:8:255:Infinity:256:8:256:Infinity":28,"s:257:4:260:Infinity":133,"f:257:54:257:60":24,"s:258:6:258:Infinity":134,"s:259:6:259:Infinity":135,"f:265:9:265:23":25,"s:266:2:280:Infinity":136,"s:267:4:267:Infinity":137,"s:269:4:269:Infinity":138,"s:270:4:279:Infinity":139,"s:271:6:275:Infinity":140,"f:271:35:271:36":26,"b:272:8:272:Infinity:undefined:undefined:undefined:undefined":29,"s:272:8:272:Infinity":141,"s:272:37:272:Infinity":142,"b:273:8:273:Infinity:undefined:undefined:undefined:undefined":30,"s:273:8:273:Infinity":143,"s:273:39:273:Infinity":144,"s:274:8:274:Infinity":145,"s:277:6:277:Infinity":146,"s:278:6:278:Infinity":147}}}
,"/Users/csells/Code/csells/hyper-pi/pi-socket/src/safety.ts": {"path":"/Users/csells/Code/csells/hyper-pi/pi-socket/src/safety.ts","statementMap":{"0":{"start":{"line":28,"column":2},"end":{"line":40,"column":null}},"1":{"start":{"line":29,"column":4},"end":{"line":39,"column":null}},"2":{"start":{"line":30,"column":21},"end":{"line":30,"column":null}},"3":{"start":{"line":32,"column":6},"end":{"line":36,"column":null}},"4":{"start":{"line":33,"column":9},"end":{"line":35,"column":null}},"5":{"start":{"line":34,"column":10},"end":{"line":34,"column":null}},"6":{"start":{"line":38,"column":6},"end":{"line":38,"column":null}}},"fnMap":{"0":{"name":"boundary","decl":{"start":{"line":24,"column":16},"end":{"line":24,"column":null}},"loc":{"start":{"line":27,"column":24},"end":{"line":41,"column":null}},"line":27},"1":{"name":"(anonymous_1)","decl":{"start":{"line":28,"column":9},"end":{"line":28,"column":13}},"loc":{"start":{"line":28,"column":25},"end":{"line":40,"column":null}},"line":28},"2":{"name":"(anonymous_2)","decl":{"start":{"line":33,"column":43},"end":{"line":33,"column":44}},"loc":{"start":{"line":33,"column":52},"end":{"line":35,"column":9}},"line":33}},"branchMap":{"0":{"loc":{"start":{"line":32,"column":6},"end":{"line":36,"column":null}},"type":"if","locations":[{"start":{"line":32,"column":6},"end":{"line":36,"column":null}},{"start":{},"end":{}}],"line":32},"1":{"loc":{"start":{"line":32,"column":10},"end":{"line":32,"column":93}},"type":"binary-expr","locations":[{"start":{"line":32,"column":10},"end":{"line":32,"column":28}},{"start":{"line":32,"column":28},"end":{"line":32,"column":93}}],"line":32}},"s":{"0":38,"1":13,"2":13,"3":13,"4":2,"5":1,"6":1},"f":{"0":38,"1":13,"2":1},"b":{"0":[2,11],"1":[13,3]},"meta":{"lastBranch":2,"lastFunction":3,"lastStatement":7,"seen":{"f:24:16:24:Infinity":0,"s:28:2:40:Infinity":0,"f:28:9:28:13":1,"s:29:4:39:Infinity":1,"s:30:21:30:Infinity":2,"b:32:6:36:Infinity:undefined:undefined:undefined:undefined":0,"s:32:6:36:Infinity":3,"b:32:10:32:28:32:28:32:93":1,"s:33:9:35:Infinity":4,"f:33:43:33:44":2,"s:34:10:34:Infinity":5,"s:38:6:38:Infinity":6}}}
}
