<?xml version="1.0" encoding="UTF-8"?>
<coverage generated="1771863320517" clover="3.2.0">
  <project timestamp="1771863320517" name="All files">
    <metrics statements="269" coveredstatements="239" conditionals="108" coveredconditionals="80" methods="81" coveredmethods="62" elements="458" coveredelements="381" complexity="0" loc="269" ncloc="269" packages="1" files="6" classes="6"/>
    <file name="RemoteAgent.ts" path="/Users/csells/Code/csells/hyper-pi/pi-de/src/RemoteAgent.ts">
      <metrics statements="63" coveredstatements="60" conditionals="31" coveredconditionals="29" methods="21" coveredmethods="13"/>
      <line num="29" count="2" type="stmt"/>
      <line num="46" count="21" type="stmt"/>
      <line num="47" count="21" type="stmt"/>
      <line num="48" count="21" type="stmt"/>
      <line num="51" count="21" type="stmt"/>
      <line num="52" count="21" type="stmt"/>
      <line num="55" count="0" type="stmt"/>
      <line num="56" count="0" type="stmt"/>
      <line num="59" count="21" type="stmt"/>
      <line num="72" count="20" type="stmt"/>
      <line num="76" count="16" type="stmt"/>
      <line num="79" count="16" type="cond" truecount="2" falsecount="0"/>
      <line num="80" count="1" type="stmt"/>
      <line num="82" count="16" type="stmt"/>
      <line num="86" count="20" type="stmt"/>
      <line num="87" count="19" type="stmt"/>
      <line num="94" count="20" type="stmt"/>
      <line num="96" count="20" type="stmt"/>
      <line num="97" count="20" type="stmt"/>
      <line num="98" count="21" type="stmt"/>
      <line num="99" count="21" type="stmt"/>
      <line num="101" count="20" type="stmt"/>
      <line num="107" count="31" type="cond" truecount="4" falsecount="0"/>
      <line num="108" count="4" type="stmt"/>
      <line num="110" count="31" type="stmt"/>
      <line num="111" count="31" type="stmt"/>
      <line num="112" count="31" type="stmt"/>
      <line num="123" count="6" type="stmt"/>
      <line num="129" count="2" type="cond" truecount="4" falsecount="0"/>
      <line num="130" count="1" type="cond" truecount="1" falsecount="1"/>
      <line num="131" count="2" type="cond" truecount="2" falsecount="0"/>
      <line num="132" count="1" type="stmt"/>
      <line num="156" count="21" type="cond" truecount="4" falsecount="0"/>
      <line num="157" count="1" type="cond" truecount="1" falsecount="1"/>
      <line num="158" count="1" type="stmt"/>
      <line num="160" count="1" type="stmt"/>
      <line num="164" count="20" type="stmt"/>
      <line num="166" count="20" type="cond" truecount="2" falsecount="0"/>
      <line num="167" count="12" type="stmt"/>
      <line num="168" count="12" type="stmt"/>
      <line num="173" count="8" type="stmt"/>
      <line num="174" count="8" type="cond" truecount="5" falsecount="0"/>
      <line num="176" count="4" type="stmt"/>
      <line num="182" count="4" type="stmt"/>
      <line num="186" count="1" type="stmt"/>
      <line num="190" count="1" type="stmt"/>
      <line num="194" count="1" type="stmt"/>
      <line num="204" count="1" type="stmt"/>
      <line num="208" count="1" type="stmt"/>
      <line num="209" count="1" type="stmt"/>
      <line num="210" count="1" type="stmt"/>
      <line num="212" count="1" type="stmt"/>
      <line num="216" count="1" type="stmt"/>
      <line num="217" count="1" type="stmt"/>
      <line num="218" count="1" type="stmt"/>
      <line num="224" count="1" type="stmt"/>
      <line num="230" count="8" type="stmt"/>
      <line num="234" count="12" type="stmt"/>
      <line num="243" count="12" type="cond" truecount="2" falsecount="0"/>
      <line num="244" count="2" type="stmt"/>
      <line num="246" count="12" type="stmt"/>
      <line num="253" count="2" type="stmt"/>
      <line num="258" count="0" type="stmt"/>
    </file>
    <file name="SpawnModal.tsx" path="/Users/csells/Code/csells/hyper-pi/pi-de/src/SpawnModal.tsx">
      <metrics statements="40" coveredstatements="36" conditionals="15" coveredconditionals="12" methods="10" coveredmethods="10"/>
      <line num="10" count="64" type="stmt"/>
      <line num="11" count="64" type="stmt"/>
      <line num="12" count="64" type="stmt"/>
      <line num="13" count="64" type="stmt"/>
      <line num="14" count="64" type="stmt"/>
      <line num="17" count="64" type="stmt"/>
      <line num="18" count="13" type="stmt"/>
      <line num="19" count="13" type="stmt"/>
      <line num="20" count="13" type="stmt"/>
      <line num="25" count="13" type="stmt"/>
      <line num="26" count="13" type="stmt"/>
      <line num="28" count="0" type="cond" truecount="0" falsecount="2"/>
      <line num="29" count="0" type="stmt"/>
      <line num="31" count="0" type="stmt"/>
      <line num="38" count="64" type="stmt"/>
      <line num="40" count="64" type="stmt"/>
      <line num="41" count="1" type="stmt"/>
      <line num="42" count="1" type="stmt"/>
      <line num="43" count="1" type="stmt"/>
      <line num="46" count="64" type="stmt"/>
      <line num="47" count="1" type="stmt"/>
      <line num="48" count="1" type="stmt"/>
      <line num="49" count="1" type="stmt"/>
      <line num="50" count="1" type="stmt"/>
      <line num="51" count="1" type="stmt"/>
      <line num="54" count="64" type="stmt"/>
      <line num="55" count="3" type="stmt"/>
      <line num="56" count="3" type="stmt"/>
      <line num="57" count="3" type="stmt"/>
      <line num="58" count="3" type="stmt"/>
      <line num="62" count="2" type="stmt"/>
      <line num="64" count="1" type="cond" truecount="1" falsecount="1"/>
      <line num="65" count="1" type="stmt"/>
      <line num="67" count="0" type="stmt"/>
      <line num="70" count="3" type="stmt"/>
      <line num="74" count="64" type="stmt"/>
      <line num="76" count="7" type="stmt"/>
      <line num="89" count="36" type="stmt"/>
      <line num="92" count="1" type="stmt"/>
      <line num="110" count="32" type="stmt"/>
    </file>
    <file name="initStorage.ts" path="/Users/csells/Code/csells/hyper-pi/pi-de/src/initStorage.ts">
      <metrics statements="32" coveredstatements="29" conditionals="6" coveredconditionals="6" methods="16" coveredmethods="13"/>
      <line num="24" count="10" type="stmt"/>
      <line num="27" count="125" type="stmt"/>
      <line num="28" count="125" type="cond" truecount="2" falsecount="0"/>
      <line num="29" count="16" type="stmt"/>
      <line num="30" count="16" type="stmt"/>
      <line num="32" count="125" type="stmt"/>
      <line num="36" count="14" type="cond" truecount="2" falsecount="0"/>
      <line num="39" count="103" type="stmt"/>
      <line num="42" count="1" type="stmt"/>
      <line num="45" count="4" type="stmt"/>
      <line num="46" count="4" type="cond" truecount="2" falsecount="0"/>
      <line num="49" count="0" type="stmt"/>
      <line num="52" count="1" type="stmt"/>
      <line num="55" count="2" type="stmt"/>
      <line num="63" count="1" type="stmt"/>
      <line num="64" count="0" type="stmt"/>
      <line num="65" count="2" type="stmt"/>
      <line num="66" count="0" type="stmt"/>
      <line num="70" count="1" type="stmt"/>
      <line num="73" count="1" type="stmt"/>
      <line num="78" count="10" type="stmt"/>
      <line num="80" count="10" type="stmt"/>
      <line num="81" count="10" type="stmt"/>
      <line num="82" count="10" type="stmt"/>
      <line num="83" count="10" type="stmt"/>
      <line num="86" count="10" type="stmt"/>
      <line num="87" count="10" type="stmt"/>
      <line num="88" count="10" type="stmt"/>
      <line num="89" count="10" type="stmt"/>
      <line num="93" count="10" type="stmt"/>
      <line num="94" count="90" type="stmt"/>
      <line num="97" count="10" type="stmt"/>
    </file>
    <file name="rpc.ts" path="/Users/csells/Code/csells/hyper-pi/pi-de/src/rpc.ts">
      <metrics statements="20" coveredstatements="18" conditionals="4" coveredconditionals="4" methods="6" coveredmethods="5"/>
      <line num="9" count="2" type="stmt"/>
      <line num="17" count="2" type="stmt"/>
      <line num="25" count="8" type="stmt"/>
      <line num="26" count="8" type="stmt"/>
      <line num="28" count="8" type="stmt"/>
      <line num="29" count="0" type="stmt"/>
      <line num="30" count="0" type="stmt"/>
      <line num="33" count="8" type="stmt"/>
      <line num="38" count="8" type="stmt"/>
      <line num="48" count="3" type="stmt"/>
      <line num="49" count="3" type="cond" truecount="2" falsecount="0"/>
      <line num="50" count="2" type="stmt"/>
      <line num="51" count="2" type="stmt"/>
      <line num="52" count="2" type="cond" truecount="2" falsecount="0"/>
      <line num="53" count="1" type="stmt"/>
      <line num="55" count="1" type="stmt"/>
      <line num="61" count="2" type="stmt"/>
      <line num="62" count="5" type="stmt"/>
      <line num="63" count="5" type="stmt"/>
      <line num="65" count="2" type="stmt"/>
    </file>
    <file name="useAgent.ts" path="/Users/csells/Code/csells/hyper-pi/pi-de/src/useAgent.ts">
      <metrics statements="55" coveredstatements="47" conditionals="24" coveredconditionals="13" methods="13" coveredmethods="9"/>
      <line num="13" count="18" type="stmt"/>
      <line num="14" count="18" type="stmt"/>
      <line num="15" count="18" type="stmt"/>
      <line num="16" count="18" type="stmt"/>
      <line num="17" count="18" type="stmt"/>
      <line num="19" count="18" type="stmt"/>
      <line num="20" count="7" type="stmt"/>
      <line num="23" count="18" type="stmt"/>
      <line num="25" count="1" type="cond" truecount="1" falsecount="1"/>
      <line num="30" count="18" type="stmt"/>
      <line num="31" count="7" type="cond" truecount="4" falsecount="0"/>
      <line num="32" count="1" type="cond" truecount="1" falsecount="1"/>
      <line num="33" count="1" type="stmt"/>
      <line num="35" count="1" type="stmt"/>
      <line num="38" count="6" type="stmt"/>
      <line num="39" count="6" type="stmt"/>
      <line num="40" count="6" type="stmt"/>
      <line num="42" count="6" type="stmt"/>
      <line num="43" count="6" type="stmt"/>
      <line num="44" count="6" type="stmt"/>
      <line num="48" count="6" type="stmt"/>
      <line num="49" count="6" type="cond" truecount="2" falsecount="0"/>
      <line num="51" count="1" type="stmt"/>
      <line num="52" count="1" type="stmt"/>
      <line num="56" count="6" type="stmt"/>
      <line num="57" count="6" type="cond" truecount="1" falsecount="1"/>
      <line num="58" count="6" type="cond" truecount="2" falsecount="0"/>
      <line num="59" count="6" type="cond" truecount="1" falsecount="1"/>
      <line num="60" count="6" type="stmt"/>
      <line num="63" count="6" type="stmt"/>
      <line num="65" count="6" type="stmt"/>
      <line num="66" count="3" type="stmt"/>
      <line num="68" count="3" type="stmt"/>
      <line num="69" count="3" type="stmt"/>
      <line num="70" count="1" type="stmt"/>
      <line num="71" count="1" type="stmt"/>
      <line num="73" count="3" type="stmt"/>
      <line num="76" count="6" type="stmt"/>
      <line num="77" count="0" type="cond" truecount="0" falsecount="2"/>
      <line num="79" count="0" type="stmt"/>
      <line num="80" count="0" type="stmt"/>
      <line num="81" count="0" type="stmt"/>
      <line num="82" count="0" type="cond" truecount="0" falsecount="4"/>
      <line num="83" count="0" type="stmt"/>
      <line num="85" count="0" type="stmt"/>
      <line num="90" count="6" type="stmt"/>
      <line num="93" count="6" type="stmt"/>
      <line num="95" count="6" type="stmt"/>
      <line num="96" count="2" type="stmt"/>
      <line num="97" count="2" type="cond" truecount="1" falsecount="1"/>
      <line num="98" count="2" type="stmt"/>
      <line num="99" count="2" type="stmt"/>
      <line num="104" count="18" type="stmt"/>
      <line num="106" count="0" type="stmt"/>
      <line num="111" count="18" type="stmt"/>
    </file>
    <file name="useHypivisor.ts" path="/Users/csells/Code/csells/hyper-pi/pi-de/src/useHypivisor.ts">
      <metrics statements="59" coveredstatements="49" conditionals="28" coveredconditionals="16" methods="15" coveredmethods="12"/>
      <line num="13" count="16" type="stmt"/>
      <line num="14" count="16" type="stmt"/>
      <line num="15" count="16" type="stmt"/>
      <line num="16" count="16" type="stmt"/>
      <line num="18" count="16" type="stmt"/>
      <line num="19" count="11" type="cond" truecount="4" falsecount="0"/>
      <line num="21" count="4" type="stmt"/>
      <line num="22" count="4" type="stmt"/>
      <line num="23" count="4" type="stmt"/>
      <line num="27" count="3" type="cond" truecount="2" falsecount="0"/>
      <line num="28" count="2" type="stmt"/>
      <line num="29" count="3" type="stmt"/>
      <line num="30" count="2" type="stmt"/>
      <line num="32" count="2" type="stmt"/>
      <line num="36" count="2" type="cond" truecount="2" falsecount="0"/>
      <line num="37" count="1" type="stmt"/>
      <line num="38" count="1" type="stmt"/>
      <line num="39" count="1" type="cond" truecount="1" falsecount="1"/>
      <line num="42" count="1" type="stmt"/>
      <line num="46" count="2" type="cond" truecount="2" falsecount="0"/>
      <line num="47" count="2" type="stmt"/>
      <line num="48" count="1" type="stmt"/>
      <line num="52" count="16" type="stmt"/>
      <line num="53" count="8" type="stmt"/>
      <line num="55" count="8" type="stmt"/>
      <line num="58" count="8" type="cond" truecount="1" falsecount="1"/>
      <line num="60" count="8" type="cond" truecount="1" falsecount="1"/>
      <line num="61" count="0" type="stmt"/>
      <line num="62" count="0" type="stmt"/>
      <line num="63" count="0" type="stmt"/>
      <line num="66" count="8" type="stmt"/>
      <line num="67" count="8" type="cond" truecount="1" falsecount="1"/>
      <line num="68" count="8" type="stmt"/>
      <line num="69" count="8" type="stmt"/>
      <line num="71" count="8" type="stmt"/>
      <line num="73" count="8" type="stmt"/>
      <line num="74" count="11" type="stmt"/>
      <line num="78" count="11" type="cond" truecount="1" falsecount="1"/>
      <line num="79" count="11" type="stmt"/>
      <line num="80" count="11" type="stmt"/>
      <line num="84" count="0" type="cond" truecount="0" falsecount="4"/>
      <line num="85" count="0" type="stmt"/>
      <line num="86" count="0" type="stmt"/>
      <line num="90" count="8" type="stmt"/>
      <line num="91" count="0" type="stmt"/>
      <line num="92" count="0" type="stmt"/>
      <line num="93" count="0" type="cond" truecount="0" falsecount="2"/>
      <line num="94" count="0" type="stmt"/>
      <line num="98" count="8" type="stmt"/>
      <line num="103" count="8" type="stmt"/>
      <line num="104" count="8" type="stmt"/>
      <line num="105" count="1" type="stmt"/>
      <line num="106" count="1" type="stmt"/>
      <line num="107" count="1" type="cond" truecount="1" falsecount="1"/>
      <line num="108" count="1" type="stmt"/>
      <line num="109" count="1" type="stmt"/>
      <line num="110" count="1" type="stmt"/>
      <line num="112" count="1" type="stmt"/>
      <line num="116" count="16" type="stmt"/>
    </file>
  </project>
</coverage>
