{"/Users/csells/Code/csells/hyper-pi/pi-de/src/RemoteAgent.ts": {"path":"/Users/csells/Code/csells/hyper-pi/pi-de/src/RemoteAgent.ts","statementMap":{"0":{"start":{"line":29,"column":21},"end":{"line":40,"column":null}},"1":{"start":{"line":46,"column":37},"end":{"line":46,"column":null}},"2":{"start":{"line":47,"column":33},"end":{"line":47,"column":null}},"3":{"start":{"line":48,"column":67},"end":{"line":48,"column":null}},"4":{"start":{"line":51,"column":58},"end":{"line":51,"column":null}},"5":{"start":{"line":52,"column":46},"end":{"line":52,"column":null}},"6":{"start":{"line":55,"column":22},"end":{"line":55,"column":null}},"7":{"start":{"line":56,"column":23},"end":{"line":56,"column":null}},"8":{"start":{"line":56,"column":29},"end":{"line":56,"column":null}},"9":{"start":{"line":59,"column":4},"end":{"line":68,"column":null}},"10":{"start":{"line":72,"column":4},"end":{"line":72,"column":null}},"11":{"start":{"line":76,"column":4},"end":{"line":76,"column":null}},"12":{"start":{"line":79,"column":4},"end":{"line":81,"column":null}},"13":{"start":{"line":80,"column":6},"end":{"line":80,"column":null}},"14":{"start":{"line":80,"column":27},"end":{"line":80,"column":84}},"15":{"start":{"line":82,"column":4},"end":{"line":82,"column":null}},"16":{"start":{"line":82,"column":17},"end":{"line":82,"column":null}},"17":{"start":{"line":86,"column":4},"end":{"line":88,"column":null}},"18":{"start":{"line":87,"column":6},"end":{"line":87,"column":null}},"19":{"start":{"line":94,"column":4},"end":{"line":94,"column":null}},"20":{"start":{"line":96,"column":4},"end":{"line":96,"column":null}},"21":{"start":{"line":97,"column":4},"end":{"line":100,"column":null}},"22":{"start":{"line":98,"column":19},"end":{"line":98,"column":null}},"23":{"start":{"line":99,"column":6},"end":{"line":99,"column":null}},"24":{"start":{"line":101,"column":4},"end":{"line":101,"column":null}},"25":{"start":{"line":107,"column":4},"end":{"line":109,"column":null}},"26":{"start":{"line":108,"column":6},"end":{"line":108,"column":null}},"27":{"start":{"line":110,"column":4},"end":{"line":110,"column":null}},"28":{"start":{"line":111,"column":4},"end":{"line":111,"column":null}},"29":{"start":{"line":112,"column":4},"end":{"line":118,"column":null}},"30":{"start":{"line":123,"column":4},"end":{"line":123,"column":null}},"31":{"start":{"line":129,"column":4},"end":{"line":129,"column":null}},"32":{"start":{"line":129,"column":59},"end":{"line":129,"column":null}},"33":{"start":{"line":130,"column":17},"end":{"line":130,"column":null}},"34":{"start":{"line":131,"column":4},"end":{"line":133,"column":null}},"35":{"start":{"line":132,"column":6},"end":{"line":132,"column":null}},"36":{"start":{"line":156,"column":4},"end":{"line":161,"column":null}},"37":{"start":{"line":157,"column":6},"end":{"line":159,"column":null}},"38":{"start":{"line":158,"column":8},"end":{"line":158,"column":null}},"39":{"start":{"line":160,"column":6},"end":{"line":160,"column":null}},"40":{"start":{"line":164,"column":24},"end":{"line":164,"column":null}},"41":{"start":{"line":166,"column":4},"end":{"line":169,"column":null}},"42":{"start":{"line":167,"column":6},"end":{"line":167,"column":null}},"43":{"start":{"line":168,"column":6},"end":{"line":168,"column":null}},"44":{"start":{"line":173,"column":23},"end":{"line":173,"column":null}},"45":{"start":{"line":174,"column":4},"end":{"line":228,"column":null}},"46":{"start":{"line":176,"column":8},"end":{"line":181,"column":null}},"47":{"start":{"line":182,"column":8},"end":{"line":182,"column":null}},"48":{"start":{"line":186,"column":8},"end":{"line":189,"column":null}},"49":{"start":{"line":190,"column":8},"end":{"line":190,"column":null}},"50":{"start":{"line":194,"column":8},"end":{"line":203,"column":null}},"51":{"start":{"line":204,"column":8},"end":{"line":204,"column":null}},"52":{"start":{"line":208,"column":26},"end":{"line":208,"column":null}},"53":{"start":{"line":209,"column":10},"end":{"line":209,"column":null}},"54":{"start":{"line":210,"column":10},"end":{"line":210,"column":null}},"55":{"start":{"line":212,"column":8},"end":{"line":212,"column":null}},"56":{"start":{"line":216,"column":26},"end":{"line":216,"column":null}},"57":{"start":{"line":217,"column":10},"end":{"line":217,"column":null}},"58":{"start":{"line":218,"column":10},"end":{"line":222,"column":null}},"59":{"start":{"line":224,"column":8},"end":{"line":224,"column":null}},"60":{"start":{"line":230,"column":4},"end":{"line":230,"column":null}},"61":{"start":{"line":234,"column":4},"end":{"line":241,"column":null}},"62":{"start":{"line":243,"column":4},"end":{"line":245,"column":null}},"63":{"start":{"line":244,"column":6},"end":{"line":244,"column":null}},"64":{"start":{"line":246,"column":4},"end":{"line":246,"column":null}},"65":{"start":{"line":253,"column":2},"end":{"line":259,"column":null}},"66":{"start":{"line":258,"column":26},"end":{"line":258,"column":null}}},"fnMap":{"0":{"name":"(anonymous_0)","decl":{"start":{"line":55,"column":22},"end":{"line":55,"column":28}},"loc":{"start":{"line":55,"column":28},"end":{"line":55,"column":null}},"line":55},"1":{"name":"(anonymous_1)","decl":{"start":{"line":56,"column":23},"end":{"line":56,"column":29}},"loc":{"start":{"line":56,"column":29},"end":{"line":56,"column":null}},"line":56},"2":{"name":"(anonymous_2)","decl":{"start":{"line":58,"column":2},"end":{"line":58,"column":16}},"loc":{"start":{"line":58,"column":16},"end":{"line":69,"column":null}},"line":58},"3":{"name":"(anonymous_3)","decl":{"start":{"line":71,"column":6},"end":{"line":71,"column":26}},"loc":{"start":{"line":71,"column":26},"end":{"line":73,"column":null}},"line":71},"4":{"name":"(anonymous_4)","decl":{"start":{"line":75,"column":2},"end":{"line":75,"column":12}},"loc":{"start":{"line":75,"column":38},"end":{"line":83,"column":null}},"line":75},"5":{"name":"(anonymous_5)","decl":{"start":{"line":80,"column":21},"end":{"line":80,"column":27}},"loc":{"start":{"line":80,"column":27},"end":{"line":80,"column":84}},"line":80},"6":{"name":"(anonymous_6)","decl":{"start":{"line":82,"column":11},"end":{"line":82,"column":17}},"loc":{"start":{"line":82,"column":17},"end":{"line":82,"column":null}},"line":82},"7":{"name":"(anonymous_7)","decl":{"start":{"line":85,"column":10},"end":{"line":85,"column":15}},"loc":{"start":{"line":85,"column":40},"end":{"line":89,"column":null}},"line":85},"8":{"name":"(anonymous_8)","decl":{"start":{"line":92,"column":2},"end":{"line":92,"column":10}},"loc":{"start":{"line":92,"column":31},"end":{"line":102,"column":null}},"line":92},"9":{"name":"(anonymous_9)","decl":{"start":{"line":97,"column":26},"end":{"line":97,"column":27}},"loc":{"start":{"line":97,"column":51},"end":{"line":100,"column":null}},"line":97},"10":{"name":"(anonymous_10)","decl":{"start":{"line":105,"column":2},"end":{"line":105,"column":21}},"loc":{"start":{"line":105,"column":21},"end":{"line":119,"column":null}},"line":105},"11":{"name":"(anonymous_11)","decl":{"start":{"line":122,"column":2},"end":{"line":122,"column":16}},"loc":{"start":{"line":122,"column":16},"end":{"line":124,"column":null}},"line":122},"12":{"name":"(anonymous_12)","decl":{"start":{"line":128,"column":8},"end":{"line":128,"column":15}},"loc":{"start":{"line":128,"column":62},"end":{"line":134,"column":null}},"line":128},"13":{"name":"(anonymous_13)","decl":{"start":{"line":136,"column":2},"end":{"line":136,"column":16}},"loc":{"start":{"line":136,"column":16},"end":{"line":138,"column":null}},"line":136},"14":{"name":"(anonymous_14)","decl":{"start":{"line":140,"column":2},"end":{"line":140,"column":11}},"loc":{"start":{"line":140,"column":33},"end":{"line":142,"column":null}},"line":140},"15":{"name":"(anonymous_15)","decl":{"start":{"line":144,"column":2},"end":{"line":144,"column":19}},"loc":{"start":{"line":144,"column":44},"end":{"line":146,"column":null}},"line":144},"16":{"name":"(anonymous_16)","decl":{"start":{"line":148,"column":2},"end":{"line":148,"column":11}},"loc":{"start":{"line":148,"column":34},"end":{"line":150,"column":null}},"line":148},"17":{"name":"(anonymous_17)","decl":{"start":{"line":154,"column":10},"end":{"line":154,"column":28}},"loc":{"start":{"line":154,"column":74},"end":{"line":231,"column":null}},"line":154},"18":{"name":"(anonymous_18)","decl":{"start":{"line":233,"column":10},"end":{"line":233,"column":26}},"loc":{"start":{"line":233,"column":55},"end":{"line":247,"column":null}},"line":233},"19":{"name":"socketToolToAgentTool","decl":{"start":{"line":252,"column":9},"end":{"line":252,"column":31}},"loc":{"start":{"line":252,"column":51},"end":{"line":260,"column":null}},"line":252},"20":{"name":"(anonymous_20)","decl":{"start":{"line":258,"column":13},"end":{"line":258,"column":26}},"loc":{"start":{"line":258,"column":26},"end":{"line":258,"column":null}},"line":258}},"branchMap":{"0":{"loc":{"start":{"line":79,"column":4},"end":{"line":81,"column":null}},"type":"if","locations":[{"start":{"line":79,"column":4},"end":{"line":81,"column":null}},{"start":{},"end":{}}],"line":79},"1":{"loc":{"start":{"line":107,"column":4},"end":{"line":109,"column":null}},"type":"if","locations":[{"start":{"line":107,"column":4},"end":{"line":109,"column":null}},{"start":{},"end":{}}],"line":107},"2":{"loc":{"start":{"line":107,"column":8},"end":{"line":107,"column":40}},"type":"binary-expr","locations":[{"start":{"line":107,"column":8},"end":{"line":107,"column":19}},{"start":{"line":107,"column":19},"end":{"line":107,"column":40}}],"line":107},"3":{"loc":{"start":{"line":129,"column":4},"end":{"line":129,"column":null}},"type":"if","locations":[{"start":{"line":129,"column":4},"end":{"line":129,"column":null}},{"start":{},"end":{}}],"line":129},"4":{"loc":{"start":{"line":129,"column":8},"end":{"line":129,"column":59}},"type":"binary-expr","locations":[{"start":{"line":129,"column":8},"end":{"line":129,"column":20}},{"start":{"line":129,"column":20},"end":{"line":129,"column":59}}],"line":129},"5":{"loc":{"start":{"line":130,"column":17},"end":{"line":130,"column":null}},"type":"cond-expr","locations":[{"start":{"line":130,"column":47},"end":{"line":130,"column":58}},{"start":{"line":130,"column":58},"end":{"line":130,"column":null}}],"line":130},"6":{"loc":{"start":{"line":131,"column":4},"end":{"line":133,"column":null}},"type":"if","locations":[{"start":{"line":131,"column":4},"end":{"line":133,"column":null}},{"start":{},"end":{}}],"line":131},"7":{"loc":{"start":{"line":156,"column":4},"end":{"line":161,"column":null}},"type":"if","locations":[{"start":{"line":156,"column":4},"end":{"line":161,"column":null}},{"start":{},"end":{}}],"line":156},"8":{"loc":{"start":{"line":156,"column":8},"end":{"line":156,"column":84}},"type":"binary-expr","locations":[{"start":{"line":156,"column":8},"end":{"line":156,"column":28}},{"start":{"line":156,"column":28},"end":{"line":156,"column":84}}],"line":156},"9":{"loc":{"start":{"line":157,"column":6},"end":{"line":159,"column":null}},"type":"if","locations":[{"start":{"line":157,"column":6},"end":{"line":159,"column":null}},{"start":{},"end":{}}],"line":157},"10":{"loc":{"start":{"line":166,"column":4},"end":{"line":169,"column":null}},"type":"if","locations":[{"start":{"line":166,"column":4},"end":{"line":169,"column":null}},{"start":{},"end":{}}],"line":166},"11":{"loc":{"start":{"line":174,"column":4},"end":{"line":228,"column":null}},"type":"switch","locations":[{"start":{"line":175,"column":6},"end":{"line":182,"column":null}},{"start":{"line":184,"column":6},"end":{"line":190,"column":null}},{"start":{"line":192,"column":6},"end":{"line":204,"column":null}},{"start":{"line":206,"column":6},"end":{"line":212,"column":null}},{"start":{"line":214,"column":6},"end":{"line":224,"column":null}}],"line":174},"12":{"loc":{"start":{"line":180,"column":25},"end":{"line":180,"column":null}},"type":"cond-expr","locations":[{"start":{"line":180,"column":67},"end":{"line":180,"column":88}},{"start":{"line":180,"column":88},"end":{"line":180,"column":null}}],"line":180},"13":{"loc":{"start":{"line":243,"column":4},"end":{"line":245,"column":null}},"type":"if","locations":[{"start":{"line":243,"column":4},"end":{"line":245,"column":null}},{"start":{},"end":{}}],"line":243}},"s":{"0":2,"1":21,"2":21,"3":21,"4":21,"5":21,"6":0,"7":0,"8":0,"9":21,"10":20,"11":16,"12":16,"13":1,"14":1,"15":16,"16":0,"17":20,"18":19,"19":20,"20":20,"21":20,"22":21,"23":21,"24":20,"25":31,"26":4,"27":31,"28":31,"29":31,"30":6,"31":2,"32":1,"33":1,"34":2,"35":1,"36":21,"37":1,"38":1,"39":1,"40":20,"41":20,"42":12,"43":12,"44":8,"45":8,"46":4,"47":4,"48":1,"49":1,"50":1,"51":1,"52":1,"53":1,"54":1,"55":1,"56":1,"57":1,"58":1,"59":1,"60":8,"61":12,"62":12,"63":2,"64":12,"65":2,"66":0},"f":{"0":0,"1":0,"2":21,"3":20,"4":16,"5":1,"6":0,"7":20,"8":20,"9":21,"10":31,"11":6,"12":2,"13":0,"14":0,"15":0,"16":0,"17":21,"18":12,"19":2,"20":0},"b":{"0":[1,15],"1":[4,27],"2":[31,4],"3":[1,1],"4":[2,1],"5":[1,0],"6":[1,1],"7":[1,20],"8":[21,1],"9":[1,0],"10":[12,8],"11":[8,1,1,1,1],"12":[3,1],"13":[2,10]},"meta":{"lastBranch":14,"lastFunction":21,"lastStatement":67,"seen":{"s:29:21:40:Infinity":0,"s:46:37:46:Infinity":1,"s:47:33:47:Infinity":2,"s:48:67:48:Infinity":3,"s:51:58:51:Infinity":4,"s:52:46:52:Infinity":5,"s:55:22:55:Infinity":6,"s:56:23:56:Infinity":7,"f:55:22:55:28":0,"f:56:23:56:29":1,"s:56:29:56:Infinity":8,"f:58:2:58:16":2,"s:59:4:68:Infinity":9,"f:71:6:71:26":3,"s:72:4:72:Infinity":10,"f:75:2:75:12":4,"s:76:4:76:Infinity":11,"b:79:4:81:Infinity:undefined:undefined:undefined:undefined":0,"s:79:4:81:Infinity":12,"s:80:6:80:Infinity":13,"f:80:21:80:27":5,"s:80:27:80:84":14,"s:82:4:82:Infinity":15,"f:82:11:82:17":6,"s:82:17:82:Infinity":16,"f:85:10:85:15":7,"s:86:4:88:Infinity":17,"s:87:6:87:Infinity":18,"f:92:2:92:10":8,"s:94:4:94:Infinity":19,"s:96:4:96:Infinity":20,"s:97:4:100:Infinity":21,"f:97:26:97:27":9,"s:98:19:98:Infinity":22,"s:99:6:99:Infinity":23,"s:101:4:101:Infinity":24,"f:105:2:105:21":10,"b:107:4:109:Infinity:undefined:undefined:undefined:undefined":1,"s:107:4:109:Infinity":25,"b:107:8:107:19:107:19:107:40":2,"s:108:6:108:Infinity":26,"s:110:4:110:Infinity":27,"s:111:4:111:Infinity":28,"s:112:4:118:Infinity":29,"f:122:2:122:16":11,"s:123:4:123:Infinity":30,"f:128:8:128:15":12,"b:129:4:129:Infinity:undefined:undefined:undefined:undefined":3,"s:129:4:129:Infinity":31,"b:129:8:129:20:129:20:129:59":4,"s:129:59:129:Infinity":32,"s:130:17:130:Infinity":33,"b:130:47:130:58:130:58:130:Infinity":5,"b:131:4:133:Infinity:undefined:undefined:undefined:undefined":6,"s:131:4:133:Infinity":34,"s:132:6:132:Infinity":35,"f:136:2:136:16":13,"f:140:2:140:11":14,"f:144:2:144:19":15,"f:148:2:148:11":16,"f:154:10:154:28":17,"b:156:4:161:Infinity:undefined:undefined:undefined:undefined":7,"s:156:4:161:Infinity":36,"b:156:8:156:28:156:28:156:84":8,"b:157:6:159:Infinity:undefined:undefined:undefined:undefined":9,"s:157:6:159:Infinity":37,"s:158:8:158:Infinity":38,"s:160:6:160:Infinity":39,"s:164:24:164:Infinity":40,"b:166:4:169:Infinity:undefined:undefined:undefined:undefined":10,"s:166:4:169:Infinity":41,"s:167:6:167:Infinity":42,"s:168:6:168:Infinity":43,"s:173:23:173:Infinity":44,"b:175:6:182:Infinity:184:6:190:Infinity:192:6:204:Infinity:206:6:212:Infinity:214:6:224:Infinity":11,"s:174:4:228:Infinity":45,"s:176:8:181:Infinity":46,"b:180:67:180:88:180:88:180:Infinity":12,"s:182:8:182:Infinity":47,"s:186:8:189:Infinity":48,"s:190:8:190:Infinity":49,"s:194:8:203:Infinity":50,"s:204:8:204:Infinity":51,"s:208:26:208:Infinity":52,"s:209:10:209:Infinity":53,"s:210:10:210:Infinity":54,"s:212:8:212:Infinity":55,"s:216:26:216:Infinity":56,"s:217:10:217:Infinity":57,"s:218:10:222:Infinity":58,"s:224:8:224:Infinity":59,"s:230:4:230:Infinity":60,"f:233:10:233:26":18,"s:234:4:241:Infinity":61,"b:243:4:245:Infinity:undefined:undefined:undefined:undefined":13,"s:243:4:245:Infinity":62,"s:244:6:244:Infinity":63,"s:246:4:246:Infinity":64,"f:252:9:252:31":19,"s:253:2:259:Infinity":65,"f:258:13:258:26":20,"s:258:26:258:Infinity":66}}}
,"/Users/csells/Code/csells/hyper-pi/pi-de/src/SpawnModal.tsx": {"path":"/Users/csells/Code/csells/hyper-pi/pi-de/src/SpawnModal.tsx","statementMap":{"0":{"start":{"line":10,"column":36},"end":{"line":10,"column":null}},"1":{"start":{"line":11,"column":22},"end":{"line":11,"column":null}},"2":{"start":{"line":12,"column":32},"end":{"line":12,"column":null}},"3":{"start":{"line":13,"column":24},"end":{"line":13,"column":null}},"4":{"start":{"line":14,"column":28},"end":{"line":14,"column":null}},"5":{"start":{"line":17,"column":8},"end":{"line":34,"column":null}},"6":{"start":{"line":18,"column":4},"end":{"line":18,"column":null}},"7":{"start":{"line":19,"column":4},"end":{"line":33,"column":null}},"8":{"start":{"line":20,"column":21},"end":{"line":24,"column":null}},"9":{"start":{"line":25,"column":6},"end":{"line":25,"column":null}},"10":{"start":{"line":26,"column":6},"end":{"line":26,"column":null}},"11":{"start":{"line":28,"column":6},"end":{"line":32,"column":null}},"12":{"start":{"line":29,"column":8},"end":{"line":29,"column":null}},"13":{"start":{"line":31,"column":8},"end":{"line":31,"column":null}},"14":{"start":{"line":38,"column":2},"end":{"line":38,"column":null}},"15":{"start":{"line":38,"column":20},"end":{"line":38,"column":34}},"16":{"start":{"line":40,"column":25},"end":{"line":44,"column":null}},"17":{"start":{"line":41,"column":20},"end":{"line":41,"column":null}},"18":{"start":{"line":42,"column":4},"end":{"line":42,"column":null}},"19":{"start":{"line":43,"column":4},"end":{"line":43,"column":null}},"20":{"start":{"line":46,"column":21},"end":{"line":52,"column":null}},"21":{"start":{"line":47,"column":18},"end":{"line":47,"column":null}},"22":{"start":{"line":48,"column":4},"end":{"line":48,"column":null}},"23":{"start":{"line":49,"column":20},"end":{"line":49,"column":null}},"24":{"start":{"line":50,"column":4},"end":{"line":50,"column":null}},"25":{"start":{"line":51,"column":4},"end":{"line":51,"column":null}},"26":{"start":{"line":54,"column":22},"end":{"line":72,"column":null}},"27":{"start":{"line":55,"column":4},"end":{"line":55,"column":null}},"28":{"start":{"line":56,"column":4},"end":{"line":56,"column":null}},"29":{"start":{"line":57,"column":4},"end":{"line":71,"column":null}},"30":{"start":{"line":58,"column":6},"end":{"line":61,"column":null}},"31":{"start":{"line":62,"column":6},"end":{"line":62,"column":null}},"32":{"start":{"line":64,"column":6},"end":{"line":68,"column":null}},"33":{"start":{"line":65,"column":8},"end":{"line":65,"column":null}},"34":{"start":{"line":67,"column":8},"end":{"line":67,"column":null}},"35":{"start":{"line":70,"column":6},"end":{"line":70,"column":null}},"36":{"start":{"line":74,"column":2},"end":{"line":126,"column":null}},"37":{"start":{"line":76,"column":53},"end":{"line":76,"column":null}},"38":{"start":{"line":89,"column":14},"end":{"line":95,"column":null}},"39":{"start":{"line":92,"column":37},"end":{"line":92,"column":null}},"40":{"start":{"line":110,"column":29},"end":{"line":110,"column":null}}},"fnMap":{"0":{"name":"SpawnModal","decl":{"start":{"line":9,"column":24},"end":{"line":9,"column":35}},"loc":{"start":{"line":9,"column":71},"end":{"line":128,"column":null}},"line":9},"1":{"name":"(anonymous_1)","decl":{"start":{"line":17,"column":31},"end":{"line":17,"column":38}},"loc":{"start":{"line":17,"column":55},"end":{"line":34,"column":5}},"line":17},"2":{"name":"(anonymous_2)","decl":{"start":{"line":38,"column":12},"end":{"line":38,"column":18}},"loc":{"start":{"line":38,"column":18},"end":{"line":38,"column":37}},"line":38},"3":{"name":"(anonymous_3)","decl":{"start":{"line":40,"column":25},"end":{"line":40,"column":26}},"loc":{"start":{"line":40,"column":42},"end":{"line":44,"column":null}},"line":40},"4":{"name":"(anonymous_4)","decl":{"start":{"line":46,"column":21},"end":{"line":46,"column":27}},"loc":{"start":{"line":46,"column":27},"end":{"line":52,"column":null}},"line":46},"5":{"name":"(anonymous_5)","decl":{"start":{"line":54,"column":22},"end":{"line":54,"column":34}},"loc":{"start":{"line":54,"column":34},"end":{"line":72,"column":null}},"line":54},"6":{"name":"(anonymous_6)","decl":{"start":{"line":76,"column":46},"end":{"line":76,"column":47}},"loc":{"start":{"line":76,"column":53},"end":{"line":76,"column":null}},"line":76},"7":{"name":"(anonymous_7)","decl":{"start":{"line":88,"column":22},"end":{"line":88,"column":23}},"loc":{"start":{"line":89,"column":14},"end":{"line":95,"column":null}},"line":89},"8":{"name":"(anonymous_8)","decl":{"start":{"line":92,"column":31},"end":{"line":92,"column":37}},"loc":{"start":{"line":92,"column":37},"end":{"line":92,"column":null}},"line":92},"9":{"name":"(anonymous_9)","decl":{"start":{"line":110,"column":22},"end":{"line":110,"column":23}},"loc":{"start":{"line":110,"column":29},"end":{"line":110,"column":null}},"line":110}},"branchMap":{"0":{"loc":{"start":{"line":23,"column":8},"end":{"line":23,"column":null}},"type":"cond-expr","locations":[{"start":{"line":23,"column":15},"end":{"line":23,"column":26}},{"start":{"line":23,"column":26},"end":{"line":23,"column":null}}],"line":23},"1":{"loc":{"start":{"line":28,"column":6},"end":{"line":32,"column":null}},"type":"if","locations":[{"start":{"line":28,"column":6},"end":{"line":32,"column":null}},{"start":{"line":30,"column":13},"end":{"line":32,"column":null}}],"line":28},"2":{"loc":{"start":{"line":60,"column":20},"end":{"line":60,"column":null}},"type":"binary-expr","locations":[{"start":{"line":60,"column":20},"end":{"line":60,"column":33}},{"start":{"line":60,"column":33},"end":{"line":60,"column":null}}],"line":60},"3":{"loc":{"start":{"line":64,"column":6},"end":{"line":68,"column":null}},"type":"if","locations":[{"start":{"line":64,"column":6},"end":{"line":68,"column":null}},{"start":{"line":66,"column":13},"end":{"line":68,"column":null}}],"line":64},"4":{"loc":{"start":{"line":97,"column":13},"end":{"line":98,"column":null}},"type":"binary-expr","locations":[{"start":{"line":97,"column":13},"end":{"line":97,"column":34}},{"start":{"line":97,"column":34},"end":{"line":97,"column":null}},{"start":{"line":98,"column":14},"end":{"line":98,"column":null}}],"line":97},"5":{"loc":{"start":{"line":103,"column":9},"end":{"line":103,"column":null}},"type":"binary-expr","locations":[{"start":{"line":103,"column":9},"end":{"line":103,"column":18}},{"start":{"line":103,"column":18},"end":{"line":103,"column":null}}],"line":103},"6":{"loc":{"start":{"line":121,"column":15},"end":{"line":121,"column":null}},"type":"cond-expr","locations":[{"start":{"line":121,"column":25},"end":{"line":121,"column":40}},{"start":{"line":121,"column":40},"end":{"line":121,"column":null}}],"line":121}},"s":{"0":64,"1":64,"2":64,"3":64,"4":64,"5":64,"6":13,"7":13,"8":13,"9":13,"10":13,"11":0,"12":0,"13":0,"14":64,"15":11,"16":64,"17":1,"18":1,"19":1,"20":64,"21":1,"22":1,"23":1,"24":1,"25":1,"26":64,"27":3,"28":3,"29":3,"30":3,"31":2,"32":1,"33":1,"34":0,"35":3,"36":64,"37":7,"38":36,"39":1,"40":32},"f":{"0":64,"1":13,"2":11,"3":1,"4":1,"5":3,"6":7,"7":36,"8":1,"9":32},"b":{"0":[2,11],"1":[0,0],"2":[3,2],"3":[1,0],"4":[64,37,37],"5":[64,1],"6":[3,61]},"meta":{"lastBranch":7,"lastFunction":10,"lastStatement":41,"seen":{"f:9:24:9:35":0,"s:10:36:10:Infinity":0,"s:11:22:11:Infinity":1,"s:12:32:12:Infinity":2,"s:13:24:13:Infinity":3,"s:14:28:14:Infinity":4,"s:17:8:34:Infinity":5,"f:17:31:17:38":1,"s:18:4:18:Infinity":6,"s:19:4:33:Infinity":7,"s:20:21:24:Infinity":8,"b:23:15:23:26:23:26:23:Infinity":0,"s:25:6:25:Infinity":9,"s:26:6:26:Infinity":10,"b:28:6:32:Infinity:30:13:32:Infinity":1,"s:28:6:32:Infinity":11,"s:29:8:29:Infinity":12,"s:31:8:31:Infinity":13,"s:38:2:38:Infinity":14,"f:38:12:38:18":2,"s:38:20:38:34":15,"s:40:25:44:Infinity":16,"f:40:25:40:26":3,"s:41:20:41:Infinity":17,"s:42:4:42:Infinity":18,"s:43:4:43:Infinity":19,"s:46:21:52:Infinity":20,"f:46:21:46:27":4,"s:47:18:47:Infinity":21,"s:48:4:48:Infinity":22,"s:49:20:49:Infinity":23,"s:50:4:50:Infinity":24,"s:51:4:51:Infinity":25,"s:54:22:72:Infinity":26,"f:54:22:54:34":5,"s:55:4:55:Infinity":27,"s:56:4:56:Infinity":28,"s:57:4:71:Infinity":29,"s:58:6:61:Infinity":30,"b:60:20:60:33:60:33:60:Infinity":2,"s:62:6:62:Infinity":31,"b:64:6:68:Infinity:66:13:68:Infinity":3,"s:64:6:68:Infinity":32,"s:65:8:65:Infinity":33,"s:67:8:67:Infinity":34,"s:70:6:70:Infinity":35,"s:74:2:126:Infinity":36,"f:76:46:76:47":6,"s:76:53:76:Infinity":37,"f:88:22:88:23":7,"s:89:14:95:Infinity":38,"f:92:31:92:37":8,"s:92:37:92:Infinity":39,"b:97:13:97:34:97:34:97:Infinity:98:14:98:Infinity":4,"b:103:9:103:18:103:18:103:Infinity":5,"f:110:22:110:23":9,"s:110:29:110:Infinity":40,"b:121:25:121:40:121:40:121:Infinity":6}}}
,"/Users/csells/Code/csells/hyper-pi/pi-de/src/initStorage.ts": {"path":"/Users/csells/Code/csells/hyper-pi/pi-de/src/initStorage.ts","statementMap":{"0":{"start":{"line":24,"column":19},"end":{"line":24,"column":null}},"1":{"start":{"line":27,"column":12},"end":{"line":27,"column":null}},"2":{"start":{"line":28,"column":4},"end":{"line":31,"column":null}},"3":{"start":{"line":29,"column":6},"end":{"line":29,"column":null}},"4":{"start":{"line":30,"column":6},"end":{"line":30,"column":null}},"5":{"start":{"line":32,"column":4},"end":{"line":32,"column":null}},"6":{"start":{"line":36,"column":4},"end":{"line":36,"column":null}},"7":{"start":{"line":39,"column":4},"end":{"line":39,"column":null}},"8":{"start":{"line":42,"column":4},"end":{"line":42,"column":null}},"9":{"start":{"line":45,"column":16},"end":{"line":45,"column":null}},"10":{"start":{"line":46,"column":4},"end":{"line":46,"column":null}},"11":{"start":{"line":46,"column":38},"end":{"line":46,"column":58}},"12":{"start":{"line":49,"column":4},"end":{"line":49,"column":null}},"13":{"start":{"line":52,"column":4},"end":{"line":52,"column":null}},"14":{"start":{"line":55,"column":4},"end":{"line":55,"column":null}},"15":{"start":{"line":63,"column":4},"end":{"line":67,"column":null}},"16":{"start":{"line":64,"column":37},"end":{"line":64,"column":null}},"17":{"start":{"line":65,"column":56},"end":{"line":65,"column":null}},"18":{"start":{"line":66,"column":40},"end":{"line":66,"column":null}},"19":{"start":{"line":70,"column":4},"end":{"line":70,"column":null}},"20":{"start":{"line":73,"column":4},"end":{"line":73,"column":null}},"21":{"start":{"line":78,"column":18},"end":{"line":78,"column":null}},"22":{"start":{"line":80,"column":19},"end":{"line":80,"column":null}},"23":{"start":{"line":81,"column":23},"end":{"line":81,"column":null}},"24":{"start":{"line":82,"column":19},"end":{"line":82,"column":null}},"25":{"start":{"line":83,"column":26},"end":{"line":83,"column":null}},"26":{"start":{"line":86,"column":2},"end":{"line":86,"column":null}},"27":{"start":{"line":87,"column":2},"end":{"line":87,"column":null}},"28":{"start":{"line":88,"column":2},"end":{"line":88,"column":null}},"29":{"start":{"line":89,"column":2},"end":{"line":89,"column":null}},"30":{"start":{"line":93,"column":2},"end":{"line":95,"column":null}},"31":{"start":{"line":94,"column":4},"end":{"line":94,"column":null}},"32":{"start":{"line":97,"column":2},"end":{"line":97,"column":null}}},"fnMap":{"0":{"name":"(anonymous_0)","decl":{"start":{"line":26,"column":10},"end":{"line":26,"column":19}},"loc":{"start":{"line":26,"column":55},"end":{"line":33,"column":null}},"line":26},"1":{"name":"(anonymous_1)","decl":{"start":{"line":35,"column":8},"end":{"line":35,"column":25}},"loc":{"start":{"line":35,"column":76},"end":{"line":37,"column":null}},"line":35},"2":{"name":"(anonymous_2)","decl":{"start":{"line":38,"column":8},"end":{"line":38,"column":25}},"loc":{"start":{"line":38,"column":82},"end":{"line":40,"column":null}},"line":38},"3":{"name":"(anonymous_3)","decl":{"start":{"line":41,"column":8},"end":{"line":41,"column":15}},"loc":{"start":{"line":41,"column":62},"end":{"line":43,"column":null}},"line":41},"4":{"name":"(anonymous_4)","decl":{"start":{"line":44,"column":8},"end":{"line":44,"column":13}},"loc":{"start":{"line":44,"column":68},"end":{"line":47,"column":null}},"line":44},"5":{"name":"(anonymous_5)","decl":{"start":{"line":46,"column":31},"end":{"line":46,"column":32}},"loc":{"start":{"line":46,"column":38},"end":{"line":46,"column":58}},"line":46},"6":{"name":"(anonymous_6)","decl":{"start":{"line":48,"column":8},"end":{"line":48,"column":37}},"loc":{"start":{"line":48,"column":70},"end":{"line":50,"column":null}},"line":48},"7":{"name":"(anonymous_7)","decl":{"start":{"line":51,"column":8},"end":{"line":51,"column":14}},"loc":{"start":{"line":51,"column":48},"end":{"line":53,"column":null}},"line":51},"8":{"name":"(anonymous_8)","decl":{"start":{"line":54,"column":8},"end":{"line":54,"column":12}},"loc":{"start":{"line":54,"column":62},"end":{"line":56,"column":null}},"line":54},"9":{"name":"(anonymous_9)","decl":{"start":{"line":57,"column":8},"end":{"line":57,"column":null}},"loc":{"start":{"line":61,"column":16},"end":{"line":68,"column":null}},"line":61},"10":{"name":"(anonymous_10)","decl":{"start":{"line":64,"column":11},"end":{"line":64,"column":12}},"loc":{"start":{"line":64,"column":37},"end":{"line":64,"column":null}},"line":64},"11":{"name":"(anonymous_11)","decl":{"start":{"line":65,"column":11},"end":{"line":65,"column":25}},"loc":{"start":{"line":65,"column":56},"end":{"line":65,"column":null}},"line":65},"12":{"name":"(anonymous_12)","decl":{"start":{"line":66,"column":14},"end":{"line":66,"column":15}},"loc":{"start":{"line":66,"column":40},"end":{"line":66,"column":null}},"line":66},"13":{"name":"(anonymous_13)","decl":{"start":{"line":69,"column":8},"end":{"line":69,"column":23}},"loc":{"start":{"line":69,"column":23},"end":{"line":71,"column":null}},"line":69},"14":{"name":"(anonymous_14)","decl":{"start":{"line":72,"column":8},"end":{"line":72,"column":29}},"loc":{"start":{"line":72,"column":29},"end":{"line":74,"column":null}},"line":72},"15":{"name":"initPiDeStorage","decl":{"start":{"line":77,"column":16},"end":{"line":77,"column":40}},"loc":{"start":{"line":77,"column":40},"end":{"line":98,"column":null}},"line":77}},"branchMap":{"0":{"loc":{"start":{"line":28,"column":4},"end":{"line":31,"column":null}},"type":"if","locations":[{"start":{"line":28,"column":4},"end":{"line":31,"column":null}},{"start":{},"end":{}}],"line":28},"1":{"loc":{"start":{"line":36,"column":12},"end":{"line":36,"column":null}},"type":"binary-expr","locations":[{"start":{"line":36,"column":12},"end":{"line":36,"column":55}},{"start":{"line":36,"column":55},"end":{"line":36,"column":null}}],"line":36},"2":{"loc":{"start":{"line":46,"column":11},"end":{"line":46,"column":null}},"type":"cond-expr","locations":[{"start":{"line":46,"column":20},"end":{"line":46,"column":62}},{"start":{"line":46,"column":62},"end":{"line":46,"column":null}}],"line":46}},"s":{"0":10,"1":125,"2":125,"3":16,"4":16,"5":125,"6":14,"7":103,"8":1,"9":4,"10":4,"11":3,"12":0,"13":1,"14":2,"15":1,"16":0,"17":2,"18":0,"19":1,"20":1,"21":10,"22":10,"23":10,"24":10,"25":10,"26":10,"27":10,"28":10,"29":10,"30":10,"31":90,"32":10},"f":{"0":125,"1":14,"2":103,"3":1,"4":4,"5":3,"6":0,"7":1,"8":2,"9":1,"10":0,"11":2,"12":0,"13":1,"14":1,"15":10},"b":{"0":[16,109],"1":[14,2],"2":[1,3]},"meta":{"lastBranch":3,"lastFunction":16,"lastStatement":33,"seen":{"s:24:19:24:Infinity":0,"f:26:10:26:19":0,"s:27:12:27:Infinity":1,"b:28:4:31:Infinity:undefined:undefined:undefined:undefined":0,"s:28:4:31:Infinity":2,"s:29:6:29:Infinity":3,"s:30:6:30:Infinity":4,"s:32:4:32:Infinity":5,"f:35:8:35:25":1,"s:36:4:36:Infinity":6,"b:36:12:36:55:36:55:36:Infinity":1,"f:38:8:38:25":2,"s:39:4:39:Infinity":7,"f:41:8:41:15":3,"s:42:4:42:Infinity":8,"f:44:8:44:13":4,"s:45:16:45:Infinity":9,"s:46:4:46:Infinity":10,"b:46:20:46:62:46:62:46:Infinity":2,"f:46:31:46:32":5,"s:46:38:46:58":11,"f:48:8:48:37":6,"s:49:4:49:Infinity":12,"f:51:8:51:14":7,"s:52:4:52:Infinity":13,"f:54:8:54:12":8,"s:55:4:55:Infinity":14,"f:57:8:57:Infinity":9,"s:63:4:67:Infinity":15,"f:64:11:64:12":10,"s:64:37:64:Infinity":16,"f:65:11:65:25":11,"s:65:56:65:Infinity":17,"f:66:14:66:15":12,"s:66:40:66:Infinity":18,"f:69:8:69:23":13,"s:70:4:70:Infinity":19,"f:72:8:72:29":14,"s:73:4:73:Infinity":20,"f:77:16:77:40":15,"s:78:18:78:Infinity":21,"s:80:19:80:Infinity":22,"s:81:23:81:Infinity":23,"s:82:19:82:Infinity":24,"s:83:26:83:Infinity":25,"s:86:2:86:Infinity":26,"s:87:2:87:Infinity":27,"s:88:2:88:Infinity":28,"s:89:2:89:Infinity":29,"s:93:2:95:Infinity":30,"s:94:4:94:Infinity":31,"s:97:2:97:Infinity":32}}}
,"/Users/csells/Code/csells/hyper-pi/pi-de/src/rpc.ts": {"path":"/Users/csells/Code/csells/hyper-pi/pi-de/src/rpc.ts","statementMap":{"0":{"start":{"line":9,"column":23},"end":{"line":9,"column":null}},"1":{"start":{"line":17,"column":31},"end":{"line":17,"column":null}},"2":{"start":{"line":25,"column":2},"end":{"line":39,"column":null}},"3":{"start":{"line":26,"column":15},"end":{"line":26,"column":null}},"4":{"start":{"line":28,"column":18},"end":{"line":31,"column":null}},"5":{"start":{"line":29,"column":6},"end":{"line":29,"column":null}},"6":{"start":{"line":30,"column":6},"end":{"line":30,"column":null}},"7":{"start":{"line":33,"column":4},"end":{"line":37,"column":null}},"8":{"start":{"line":38,"column":4},"end":{"line":38,"column":null}},"9":{"start":{"line":48,"column":18},"end":{"line":48,"column":null}},"10":{"start":{"line":49,"column":2},"end":{"line":49,"column":null}},"11":{"start":{"line":49,"column":16},"end":{"line":49,"column":null}},"12":{"start":{"line":50,"column":2},"end":{"line":50,"column":null}},"13":{"start":{"line":51,"column":2},"end":{"line":51,"column":null}},"14":{"start":{"line":52,"column":2},"end":{"line":56,"column":null}},"15":{"start":{"line":53,"column":4},"end":{"line":53,"column":null}},"16":{"start":{"line":55,"column":4},"end":{"line":55,"column":null}},"17":{"start":{"line":61,"column":2},"end":{"line":64,"column":null}},"18":{"start":{"line":62,"column":4},"end":{"line":62,"column":null}},"19":{"start":{"line":63,"column":4},"end":{"line":63,"column":null}},"20":{"start":{"line":65,"column":2},"end":{"line":65,"column":null}}},"fnMap":{"0":{"name":"rpcCall","decl":{"start":{"line":20,"column":16},"end":{"line":20,"column":null}},"loc":{"start":{"line":24,"column":20},"end":{"line":40,"column":null}},"line":24},"1":{"name":"(anonymous_1)","decl":{"start":{"line":25,"column":30},"end":{"line":25,"column":31}},"loc":{"start":{"line":25,"column":51},"end":{"line":39,"column":3}},"line":25},"2":{"name":"(anonymous_2)","decl":{"start":{"line":28,"column":29},"end":{"line":28,"column":35}},"loc":{"start":{"line":28,"column":35},"end":{"line":31,"column":7}},"line":28},"3":{"name":"handleRpcResponse","decl":{"start":{"line":43,"column":16},"end":{"line":43,"column":34}},"loc":{"start":{"line":47,"column":9},"end":{"line":57,"column":null}},"line":47},"4":{"name":"rejectAllPending","decl":{"start":{"line":60,"column":16},"end":{"line":60,"column":33}},"loc":{"start":{"line":60,"column":55},"end":{"line":66,"column":null}},"line":60},"5":{"name":"(anonymous_5)","decl":{"start":{"line":61,"column":26},"end":{"line":61,"column":27}},"loc":{"start":{"line":61,"column":39},"end":{"line":64,"column":3}},"line":61}},"branchMap":{"0":{"loc":{"start":{"line":49,"column":2},"end":{"line":49,"column":null}},"type":"if","locations":[{"start":{"line":49,"column":2},"end":{"line":49,"column":null}},{"start":{},"end":{}}],"line":49},"1":{"loc":{"start":{"line":52,"column":2},"end":{"line":56,"column":null}},"type":"if","locations":[{"start":{"line":52,"column":2},"end":{"line":56,"column":null}},{"start":{"line":54,"column":9},"end":{"line":56,"column":null}}],"line":52}},"s":{"0":2,"1":2,"2":8,"3":8,"4":8,"5":0,"6":0,"7":8,"8":8,"9":3,"10":3,"11":1,"12":2,"13":2,"14":2,"15":1,"16":1,"17":2,"18":5,"19":5,"20":2},"f":{"0":8,"1":8,"2":0,"3":3,"4":2,"5":5},"b":{"0":[1,2],"1":[1,1]},"meta":{"lastBranch":2,"lastFunction":6,"lastStatement":21,"seen":{"s:9:23:9:Infinity":0,"s:17:31:17:Infinity":1,"f:20:16:20:Infinity":0,"s:25:2:39:Infinity":2,"f:25:30:25:31":1,"s:26:15:26:Infinity":3,"s:28:18:31:Infinity":4,"f:28:29:28:35":2,"s:29:6:29:Infinity":5,"s:30:6:30:Infinity":6,"s:33:4:37:Infinity":7,"s:38:4:38:Infinity":8,"f:43:16:43:34":3,"s:48:18:48:Infinity":9,"b:49:2:49:Infinity:undefined:undefined:undefined:undefined":0,"s:49:2:49:Infinity":10,"s:49:16:49:Infinity":11,"s:50:2:50:Infinity":12,"s:51:2:51:Infinity":13,"b:52:2:56:Infinity:54:9:56:Infinity":1,"s:52:2:56:Infinity":14,"s:53:4:53:Infinity":15,"s:55:4:55:Infinity":16,"f:60:16:60:33":4,"s:61:2:64:Infinity":17,"f:61:26:61:27":5,"s:62:4:62:Infinity":18,"s:63:4:63:Infinity":19,"s:65:2:65:Infinity":20}}}
,"/Users/csells/Code/csells/hyper-pi/pi-de/src/useAgent.ts": {"path":"/Users/csells/Code/csells/hyper-pi/pi-de/src/useAgent.ts","statementMap":{"0":{"start":{"line":13,"column":26},"end":{"line":13,"column":null}},"1":{"start":{"line":14,"column":46},"end":{"line":14,"column":null}},"2":{"start":{"line":15,"column":8},"end":{"line":15,"column":null}},"3":{"start":{"line":16,"column":8},"end":{"line":16,"column":null}},"4":{"start":{"line":17,"column":8},"end":{"line":17,"column":null}},"5":{"start":{"line":17,"column":36},"end":{"line":17,"column":55}},"6":{"start":{"line":19,"column":2},"end":{"line":21,"column":null}},"7":{"start":{"line":20,"column":4},"end":{"line":20,"column":null}},"8":{"start":{"line":23,"column":8},"end":{"line":28,"column":null}},"9":{"start":{"line":25,"column":6},"end":{"line":25,"column":null}},"10":{"start":{"line":30,"column":2},"end":{"line":102,"column":null}},"11":{"start":{"line":31,"column":4},"end":{"line":36,"column":null}},"12":{"start":{"line":32,"column":6},"end":{"line":34,"column":null}},"13":{"start":{"line":33,"column":8},"end":{"line":33,"column":null}},"14":{"start":{"line":35,"column":6},"end":{"line":35,"column":null}},"15":{"start":{"line":38,"column":4},"end":{"line":38,"column":null}},"16":{"start":{"line":39,"column":4},"end":{"line":39,"column":null}},"17":{"start":{"line":40,"column":4},"end":{"line":40,"column":null}},"18":{"start":{"line":42,"column":63},"end":{"line":42,"column":null}},"19":{"start":{"line":43,"column":17},"end":{"line":43,"column":null}},"20":{"start":{"line":44,"column":19},"end":{"line":44,"column":null}},"21":{"start":{"line":48,"column":21},"end":{"line":48,"column":null}},"22":{"start":{"line":49,"column":6},"end":{"line":53,"column":null}},"23":{"start":{"line":51,"column":8},"end":{"line":51,"column":null}},"24":{"start":{"line":52,"column":8},"end":{"line":52,"column":null}},"25":{"start":{"line":56,"column":28},"end":{"line":56,"column":null}},"26":{"start":{"line":57,"column":28},"end":{"line":57,"column":null}},"27":{"start":{"line":58,"column":20},"end":{"line":58,"column":null}},"28":{"start":{"line":59,"column":25},"end":{"line":59,"column":null}},"29":{"start":{"line":60,"column":17},"end":{"line":62,"column":null}},"30":{"start":{"line":63,"column":6},"end":{"line":63,"column":null}},"31":{"start":{"line":65,"column":6},"end":{"line":74,"column":null}},"32":{"start":{"line":66,"column":8},"end":{"line":66,"column":null}},"33":{"start":{"line":68,"column":8},"end":{"line":68,"column":null}},"34":{"start":{"line":69,"column":8},"end":{"line":72,"column":null}},"35":{"start":{"line":70,"column":10},"end":{"line":70,"column":null}},"36":{"start":{"line":71,"column":10},"end":{"line":71,"column":null}},"37":{"start":{"line":73,"column":8},"end":{"line":73,"column":null}},"38":{"start":{"line":76,"column":6},"end":{"line":88,"column":null}},"39":{"start":{"line":77,"column":8},"end":{"line":77,"column":null}},"40":{"start":{"line":77,"column":20},"end":{"line":77,"column":null}},"41":{"start":{"line":79,"column":8},"end":{"line":79,"column":null}},"42":{"start":{"line":80,"column":8},"end":{"line":87,"column":null}},"43":{"start":{"line":81,"column":26},"end":{"line":81,"column":null}},"44":{"start":{"line":82,"column":10},"end":{"line":86,"column":null}},"45":{"start":{"line":83,"column":12},"end":{"line":83,"column":null}},"46":{"start":{"line":85,"column":12},"end":{"line":85,"column":null}},"47":{"start":{"line":90,"column":6},"end":{"line":90,"column":null}},"48":{"start":{"line":90,"column":26},"end":{"line":90,"column":null}},"49":{"start":{"line":93,"column":4},"end":{"line":93,"column":null}},"50":{"start":{"line":95,"column":4},"end":{"line":100,"column":null}},"51":{"start":{"line":96,"column":6},"end":{"line":96,"column":null}},"52":{"start":{"line":97,"column":6},"end":{"line":97,"column":null}},"53":{"start":{"line":97,"column":26},"end":{"line":97,"column":null}},"54":{"start":{"line":98,"column":6},"end":{"line":98,"column":null}},"55":{"start":{"line":99,"column":6},"end":{"line":99,"column":null}},"56":{"start":{"line":104,"column":8},"end":{"line":109,"column":null}},"57":{"start":{"line":106,"column":6},"end":{"line":106,"column":null}},"58":{"start":{"line":111,"column":2},"end":{"line":111,"column":null}}},"fnMap":{"0":{"name":"useAgent","decl":{"start":{"line":12,"column":16},"end":{"line":12,"column":25}},"loc":{"start":{"line":12,"column":70},"end":{"line":112,"column":null}},"line":12},"1":{"name":"(anonymous_1)","decl":{"start":{"line":17,"column":30},"end":{"line":17,"column":36}},"loc":{"start":{"line":17,"column":36},"end":{"line":17,"column":55}},"line":17},"2":{"name":"(anonymous_2)","decl":{"start":{"line":19,"column":12},"end":{"line":19,"column":18}},"loc":{"start":{"line":19,"column":18},"end":{"line":21,"column":5}},"line":19},"3":{"name":"(anonymous_3)","decl":{"start":{"line":24,"column":4},"end":{"line":24,"column":5}},"loc":{"start":{"line":24,"column":42},"end":{"line":26,"column":null}},"line":24},"4":{"name":"(anonymous_4)","decl":{"start":{"line":30,"column":12},"end":{"line":30,"column":18}},"loc":{"start":{"line":30,"column":18},"end":{"line":102,"column":5}},"line":30},"5":{"name":"connect","decl":{"start":{"line":46,"column":13},"end":{"line":46,"column":23}},"loc":{"start":{"line":46,"column":23},"end":{"line":91,"column":null}},"line":46},"6":{"name":"(anonymous_6)","decl":{"start":{"line":65,"column":18},"end":{"line":65,"column":24}},"loc":{"start":{"line":65,"column":24},"end":{"line":74,"column":null}},"line":65},"7":{"name":"(anonymous_7)","decl":{"start":{"line":69,"column":30},"end":{"line":69,"column":36}},"loc":{"start":{"line":69,"column":36},"end":{"line":72,"column":null}},"line":69},"8":{"name":"(anonymous_8)","decl":{"start":{"line":76,"column":19},"end":{"line":76,"column":25}},"loc":{"start":{"line":76,"column":25},"end":{"line":88,"column":null}},"line":76},"9":{"name":"(anonymous_9)","decl":{"start":{"line":80,"column":36},"end":{"line":80,"column":42}},"loc":{"start":{"line":80,"column":42},"end":{"line":87,"column":11}},"line":80},"10":{"name":"(anonymous_10)","decl":{"start":{"line":90,"column":19},"end":{"line":90,"column":20}},"loc":{"start":{"line":90,"column":26},"end":{"line":90,"column":null}},"line":90},"11":{"name":"(anonymous_11)","decl":{"start":{"line":95,"column":11},"end":{"line":95,"column":17}},"loc":{"start":{"line":95,"column":17},"end":{"line":100,"column":null}},"line":95},"12":{"name":"(anonymous_12)","decl":{"start":{"line":105,"column":4},"end":{"line":105,"column":5}},"loc":{"start":{"line":105,"column":22},"end":{"line":107,"column":null}},"line":105}},"branchMap":{"0":{"loc":{"start":{"line":25,"column":26},"end":{"line":25,"column":52}},"type":"binary-expr","locations":[{"start":{"line":25,"column":26},"end":{"line":25,"column":47}},{"start":{"line":25,"column":47},"end":{"line":25,"column":52}}],"line":25},"1":{"loc":{"start":{"line":31,"column":4},"end":{"line":36,"column":null}},"type":"if","locations":[{"start":{"line":31,"column":4},"end":{"line":36,"column":null}},{"start":{},"end":{}}],"line":31},"2":{"loc":{"start":{"line":31,"column":8},"end":{"line":31,"column":55}},"type":"binary-expr","locations":[{"start":{"line":31,"column":8},"end":{"line":31,"column":23}},{"start":{"line":31,"column":23},"end":{"line":31,"column":55}}],"line":31},"3":{"loc":{"start":{"line":32,"column":6},"end":{"line":34,"column":null}},"type":"if","locations":[{"start":{"line":32,"column":6},"end":{"line":34,"column":null}},{"start":{},"end":{}}],"line":32},"4":{"loc":{"start":{"line":49,"column":6},"end":{"line":53,"column":null}},"type":"if","locations":[{"start":{"line":49,"column":6},"end":{"line":53,"column":null}},{"start":{},"end":{}}],"line":49},"5":{"loc":{"start":{"line":57,"column":28},"end":{"line":57,"column":null}},"type":"binary-expr","locations":[{"start":{"line":57,"column":28},"end":{"line":57,"column":67}},{"start":{"line":57,"column":67},"end":{"line":57,"column":null}}],"line":57},"6":{"loc":{"start":{"line":58,"column":20},"end":{"line":58,"column":null}},"type":"binary-expr","locations":[{"start":{"line":58,"column":20},"end":{"line":58,"column":55}},{"start":{"line":58,"column":55},"end":{"line":58,"column":null}}],"line":58},"7":{"loc":{"start":{"line":59,"column":25},"end":{"line":59,"column":null}},"type":"cond-expr","locations":[{"start":{"line":59,"column":33},"end":{"line":59,"column":73}},{"start":{"line":59,"column":73},"end":{"line":59,"column":null}}],"line":59},"8":{"loc":{"start":{"line":77,"column":8},"end":{"line":77,"column":null}},"type":"if","locations":[{"start":{"line":77,"column":8},"end":{"line":77,"column":null}},{"start":{},"end":{}}],"line":77},"9":{"loc":{"start":{"line":82,"column":10},"end":{"line":86,"column":null}},"type":"if","locations":[{"start":{"line":82,"column":10},"end":{"line":86,"column":null}},{"start":{"line":84,"column":17},"end":{"line":86,"column":null}}],"line":82},"10":{"loc":{"start":{"line":82,"column":14},"end":{"line":82,"column":69}},"type":"binary-expr","locations":[{"start":{"line":82,"column":14},"end":{"line":82,"column":40}},{"start":{"line":82,"column":40},"end":{"line":82,"column":69}}],"line":82},"11":{"loc":{"start":{"line":97,"column":6},"end":{"line":97,"column":null}},"type":"if","locations":[{"start":{"line":97,"column":6},"end":{"line":97,"column":null}},{"start":{},"end":{}}],"line":97}},"s":{"0":18,"1":18,"2":18,"3":18,"4":18,"5":6,"6":18,"7":7,"8":18,"9":1,"10":18,"11":7,"12":1,"13":1,"14":1,"15":6,"16":6,"17":6,"18":6,"19":6,"20":6,"21":6,"22":6,"23":1,"24":1,"25":6,"26":6,"27":6,"28":6,"29":6,"30":6,"31":6,"32":3,"33":3,"34":3,"35":1,"36":1,"37":3,"38":6,"39":0,"40":0,"41":0,"42":0,"43":0,"44":0,"45":0,"46":0,"47":6,"48":0,"49":6,"50":6,"51":2,"52":2,"53":0,"54":2,"55":2,"56":18,"57":0,"58":18},"f":{"0":18,"1":6,"2":7,"3":1,"4":7,"5":6,"6":3,"7":1,"8":0,"9":0,"10":0,"11":2,"12":0},"b":{"0":[1,0],"1":[1,6],"2":[7,7],"3":[1,0],"4":[1,5],"5":[6,0],"6":[6,6],"7":[0,6],"8":[0,0],"9":[0,0],"10":[0,0],"11":[0,2]},"meta":{"lastBranch":12,"lastFunction":13,"lastStatement":59,"seen":{"f:12:16:12:25":0,"s:13:26:13:Infinity":0,"s:14:46:14:Infinity":1,"s:15:8:15:Infinity":2,"s:16:8:16:Infinity":3,"s:17:8:17:Infinity":4,"f:17:30:17:36":1,"s:17:36:17:55":5,"s:19:2:21:Infinity":6,"f:19:12:19:18":2,"s:20:4:20:Infinity":7,"s:23:8:28:Infinity":8,"f:24:4:24:5":3,"s:25:6:25:Infinity":9,"b:25:26:25:47:25:47:25:52":0,"s:30:2:102:Infinity":10,"f:30:12:30:18":4,"b:31:4:36:Infinity:undefined:undefined:undefined:undefined":1,"s:31:4:36:Infinity":11,"b:31:8:31:23:31:23:31:55":2,"b:32:6:34:Infinity:undefined:undefined:undefined:undefined":3,"s:32:6:34:Infinity":12,"s:33:8:33:Infinity":13,"s:35:6:35:Infinity":14,"s:38:4:38:Infinity":15,"s:39:4:39:Infinity":16,"s:40:4:40:Infinity":17,"s:42:63:42:Infinity":18,"s:43:17:43:Infinity":19,"s:44:19:44:Infinity":20,"f:46:13:46:23":5,"s:48:21:48:Infinity":21,"b:49:6:53:Infinity:undefined:undefined:undefined:undefined":4,"s:49:6:53:Infinity":22,"s:51:8:51:Infinity":23,"s:52:8:52:Infinity":24,"s:56:28:56:Infinity":25,"s:57:28:57:Infinity":26,"b:57:28:57:67:57:67:57:Infinity":5,"s:58:20:58:Infinity":27,"b:58:20:58:55:58:55:58:Infinity":6,"s:59:25:59:Infinity":28,"b:59:33:59:73:59:73:59:Infinity":7,"s:60:17:62:Infinity":29,"s:63:6:63:Infinity":30,"s:65:6:74:Infinity":31,"f:65:18:65:24":6,"s:66:8:66:Infinity":32,"s:68:8:68:Infinity":33,"s:69:8:72:Infinity":34,"f:69:30:69:36":7,"s:70:10:70:Infinity":35,"s:71:10:71:Infinity":36,"s:73:8:73:Infinity":37,"s:76:6:88:Infinity":38,"f:76:19:76:25":8,"b:77:8:77:Infinity:undefined:undefined:undefined:undefined":8,"s:77:8:77:Infinity":39,"s:77:20:77:Infinity":40,"s:79:8:79:Infinity":41,"s:80:8:87:Infinity":42,"f:80:36:80:42":9,"s:81:26:81:Infinity":43,"b:82:10:86:Infinity:84:17:86:Infinity":9,"s:82:10:86:Infinity":44,"b:82:14:82:40:82:40:82:69":10,"s:83:12:83:Infinity":45,"s:85:12:85:Infinity":46,"s:90:6:90:Infinity":47,"f:90:19:90:20":10,"s:90:26:90:Infinity":48,"s:93:4:93:Infinity":49,"s:95:4:100:Infinity":50,"f:95:11:95:17":11,"s:96:6:96:Infinity":51,"b:97:6:97:Infinity:undefined:undefined:undefined:undefined":11,"s:97:6:97:Infinity":52,"s:97:26:97:Infinity":53,"s:98:6:98:Infinity":54,"s:99:6:99:Infinity":55,"s:104:8:109:Infinity":56,"f:105:4:105:5":12,"s:106:6:106:Infinity":57,"s:111:2:111:Infinity":58}}}
,"/Users/csells/Code/csells/hyper-pi/pi-de/src/useHypivisor.ts": {"path":"/Users/csells/Code/csells/hyper-pi/pi-de/src/useHypivisor.ts","statementMap":{"0":{"start":{"line":13,"column":26},"end":{"line":13,"column":null}},"1":{"start":{"line":14,"column":24},"end":{"line":14,"column":null}},"2":{"start":{"line":15,"column":8},"end":{"line":15,"column":null}},"3":{"start":{"line":16,"column":8},"end":{"line":16,"column":null}},"4":{"start":{"line":18,"column":8},"end":{"line":50,"column":null}},"5":{"start":{"line":19,"column":4},"end":{"line":49,"column":null}},"6":{"start":{"line":21,"column":8},"end":{"line":21,"column":null}},"7":{"start":{"line":22,"column":8},"end":{"line":22,"column":null}},"8":{"start":{"line":23,"column":8},"end":{"line":23,"column":null}},"9":{"start":{"line":27,"column":8},"end":{"line":27,"column":null}},"10":{"start":{"line":27,"column":38},"end":{"line":27,"column":null}},"11":{"start":{"line":28,"column":8},"end":{"line":31,"column":null}},"12":{"start":{"line":29,"column":27},"end":{"line":29,"column":null}},"13":{"start":{"line":29,"column":46},"end":{"line":29,"column":67}},"14":{"start":{"line":30,"column":10},"end":{"line":30,"column":null}},"15":{"start":{"line":32,"column":8},"end":{"line":32,"column":null}},"16":{"start":{"line":36,"column":8},"end":{"line":36,"column":null}},"17":{"start":{"line":36,"column":38},"end":{"line":36,"column":null}},"18":{"start":{"line":37,"column":8},"end":{"line":41,"column":null}},"19":{"start":{"line":38,"column":10},"end":{"line":40,"column":null}},"20":{"start":{"line":39,"column":12},"end":{"line":39,"column":null}},"21":{"start":{"line":42,"column":8},"end":{"line":42,"column":null}},"22":{"start":{"line":46,"column":8},"end":{"line":46,"column":null}},"23":{"start":{"line":46,"column":38},"end":{"line":46,"column":null}},"24":{"start":{"line":47,"column":8},"end":{"line":47,"column":null}},"25":{"start":{"line":47,"column":27},"end":{"line":47,"column":63}},"26":{"start":{"line":47,"column":46},"end":{"line":47,"column":62}},"27":{"start":{"line":48,"column":8},"end":{"line":48,"column":null}},"28":{"start":{"line":52,"column":2},"end":{"line":114,"column":null}},"29":{"start":{"line":53,"column":31},"end":{"line":53,"column":null}},"30":{"start":{"line":55,"column":19},"end":{"line":55,"column":null}},"31":{"start":{"line":58,"column":6},"end":{"line":58,"column":null}},"32":{"start":{"line":58,"column":20},"end":{"line":58,"column":null}},"33":{"start":{"line":60,"column":6},"end":{"line":64,"column":null}},"34":{"start":{"line":61,"column":8},"end":{"line":61,"column":null}},"35":{"start":{"line":62,"column":8},"end":{"line":62,"column":null}},"36":{"start":{"line":63,"column":8},"end":{"line":63,"column":null}},"37":{"start":{"line":66,"column":6},"end":{"line":66,"column":null}},"38":{"start":{"line":67,"column":18},"end":{"line":67,"column":null}},"39":{"start":{"line":68,"column":6},"end":{"line":68,"column":null}},"40":{"start":{"line":69,"column":6},"end":{"line":69,"column":null}},"41":{"start":{"line":71,"column":6},"end":{"line":71,"column":null}},"42":{"start":{"line":71,"column":24},"end":{"line":71,"column":null}},"43":{"start":{"line":73,"column":6},"end":{"line":88,"column":null}},"44":{"start":{"line":74,"column":21},"end":{"line":74,"column":null}},"45":{"start":{"line":78,"column":8},"end":{"line":81,"column":null}},"46":{"start":{"line":79,"column":10},"end":{"line":79,"column":null}},"47":{"start":{"line":80,"column":10},"end":{"line":80,"column":null}},"48":{"start":{"line":84,"column":8},"end":{"line":87,"column":null}},"49":{"start":{"line":85,"column":10},"end":{"line":85,"column":null}},"50":{"start":{"line":86,"column":10},"end":{"line":86,"column":null}},"51":{"start":{"line":90,"column":6},"end":{"line":96,"column":null}},"52":{"start":{"line":91,"column":8},"end":{"line":91,"column":null}},"53":{"start":{"line":92,"column":8},"end":{"line":92,"column":null}},"54":{"start":{"line":93,"column":8},"end":{"line":95,"column":null}},"55":{"start":{"line":94,"column":10},"end":{"line":94,"column":null}},"56":{"start":{"line":98,"column":6},"end":{"line":100,"column":null}},"57":{"start":{"line":103,"column":4},"end":{"line":103,"column":null}},"58":{"start":{"line":104,"column":4},"end":{"line":113,"column":null}},"59":{"start":{"line":105,"column":6},"end":{"line":105,"column":null}},"60":{"start":{"line":106,"column":6},"end":{"line":106,"column":null}},"61":{"start":{"line":107,"column":6},"end":{"line":111,"column":null}},"62":{"start":{"line":108,"column":8},"end":{"line":108,"column":null}},"63":{"start":{"line":109,"column":8},"end":{"line":109,"column":null}},"64":{"start":{"line":110,"column":8},"end":{"line":110,"column":null}},"65":{"start":{"line":112,"column":6},"end":{"line":112,"column":null}},"66":{"start":{"line":116,"column":2},"end":{"line":116,"column":null}}},"fnMap":{"0":{"name":"useHypivisor","decl":{"start":{"line":12,"column":16},"end":{"line":12,"column":29}},"loc":{"start":{"line":12,"column":78},"end":{"line":117,"column":null}},"line":12},"1":{"name":"(anonymous_1)","decl":{"start":{"line":18,"column":34},"end":{"line":18,"column":35}},"loc":{"start":{"line":18,"column":60},"end":{"line":50,"column":5}},"line":18},"2":{"name":"(anonymous_2)","decl":{"start":{"line":28,"column":17},"end":{"line":28,"column":18}},"loc":{"start":{"line":28,"column":27},"end":{"line":31,"column":9}},"line":28},"3":{"name":"(anonymous_3)","decl":{"start":{"line":29,"column":39},"end":{"line":29,"column":40}},"loc":{"start":{"line":29,"column":46},"end":{"line":29,"column":67}},"line":29},"4":{"name":"(anonymous_4)","decl":{"start":{"line":37,"column":17},"end":{"line":37,"column":18}},"loc":{"start":{"line":38,"column":10},"end":{"line":40,"column":null}},"line":38},"5":{"name":"(anonymous_5)","decl":{"start":{"line":38,"column":19},"end":{"line":38,"column":20}},"loc":{"start":{"line":39,"column":12},"end":{"line":39,"column":null}},"line":39},"6":{"name":"(anonymous_6)","decl":{"start":{"line":47,"column":17},"end":{"line":47,"column":18}},"loc":{"start":{"line":47,"column":27},"end":{"line":47,"column":63}},"line":47},"7":{"name":"(anonymous_7)","decl":{"start":{"line":47,"column":39},"end":{"line":47,"column":40}},"loc":{"start":{"line":47,"column":46},"end":{"line":47,"column":62}},"line":47},"8":{"name":"(anonymous_8)","decl":{"start":{"line":52,"column":12},"end":{"line":52,"column":18}},"loc":{"start":{"line":52,"column":18},"end":{"line":114,"column":5}},"line":52},"9":{"name":"connect","decl":{"start":{"line":57,"column":13},"end":{"line":57,"column":23}},"loc":{"start":{"line":57,"column":23},"end":{"line":101,"column":null}},"line":57},"10":{"name":"(anonymous_10)","decl":{"start":{"line":71,"column":18},"end":{"line":71,"column":24}},"loc":{"start":{"line":71,"column":24},"end":{"line":71,"column":null}},"line":71},"11":{"name":"(anonymous_11)","decl":{"start":{"line":73,"column":21},"end":{"line":73,"column":22}},"loc":{"start":{"line":73,"column":32},"end":{"line":88,"column":null}},"line":73},"12":{"name":"(anonymous_12)","decl":{"start":{"line":90,"column":19},"end":{"line":90,"column":25}},"loc":{"start":{"line":90,"column":25},"end":{"line":96,"column":null}},"line":90},"13":{"name":"(anonymous_13)","decl":{"start":{"line":98,"column":19},"end":{"line":98,"column":25}},"loc":{"start":{"line":98,"column":25},"end":{"line":100,"column":null}},"line":98},"14":{"name":"(anonymous_14)","decl":{"start":{"line":104,"column":11},"end":{"line":104,"column":17}},"loc":{"start":{"line":104,"column":17},"end":{"line":113,"column":null}},"line":104}},"branchMap":{"0":{"loc":{"start":{"line":19,"column":4},"end":{"line":49,"column":null}},"type":"switch","locations":[{"start":{"line":20,"column":6},"end":{"line":23,"column":null}},{"start":{"line":25,"column":6},"end":{"line":32,"column":null}},{"start":{"line":34,"column":6},"end":{"line":42,"column":null}},{"start":{"line":44,"column":6},"end":{"line":48,"column":null}}],"line":19},"1":{"loc":{"start":{"line":27,"column":8},"end":{"line":27,"column":null}},"type":"if","locations":[{"start":{"line":27,"column":8},"end":{"line":27,"column":null}},{"start":{},"end":{}}],"line":27},"2":{"loc":{"start":{"line":36,"column":8},"end":{"line":36,"column":null}},"type":"if","locations":[{"start":{"line":36,"column":8},"end":{"line":36,"column":null}},{"start":{},"end":{}}],"line":36},"3":{"loc":{"start":{"line":39,"column":12},"end":{"line":39,"column":null}},"type":"cond-expr","locations":[{"start":{"line":39,"column":31},"end":{"line":39,"column":70}},{"start":{"line":39,"column":70},"end":{"line":39,"column":null}}],"line":39},"4":{"loc":{"start":{"line":46,"column":8},"end":{"line":46,"column":null}},"type":"if","locations":[{"start":{"line":46,"column":8},"end":{"line":46,"column":null}},{"start":{},"end":{}}],"line":46},"5":{"loc":{"start":{"line":58,"column":6},"end":{"line":58,"column":null}},"type":"if","locations":[{"start":{"line":58,"column":6},"end":{"line":58,"column":null}},{"start":{},"end":{}}],"line":58},"6":{"loc":{"start":{"line":60,"column":6},"end":{"line":64,"column":null}},"type":"if","locations":[{"start":{"line":60,"column":6},"end":{"line":64,"column":null}},{"start":{},"end":{}}],"line":60},"7":{"loc":{"start":{"line":67,"column":64},"end":{"line":67,"column":94}},"type":"cond-expr","locations":[{"start":{"line":67,"column":72},"end":{"line":67,"column":92}},{"start":{"line":67,"column":92},"end":{"line":67,"column":94}}],"line":67},"8":{"loc":{"start":{"line":78,"column":8},"end":{"line":81,"column":null}},"type":"if","locations":[{"start":{"line":78,"column":8},"end":{"line":81,"column":null}},{"start":{},"end":{}}],"line":78},"9":{"loc":{"start":{"line":84,"column":8},"end":{"line":87,"column":null}},"type":"if","locations":[{"start":{"line":84,"column":8},"end":{"line":87,"column":null}},{"start":{},"end":{}}],"line":84},"10":{"loc":{"start":{"line":84,"column":12},"end":{"line":84,"column":37}},"type":"binary-expr","locations":[{"start":{"line":84,"column":12},"end":{"line":84,"column":28}},{"start":{"line":84,"column":28},"end":{"line":84,"column":37}}],"line":84},"11":{"loc":{"start":{"line":93,"column":8},"end":{"line":95,"column":null}},"type":"if","locations":[{"start":{"line":93,"column":8},"end":{"line":95,"column":null}},{"start":{},"end":{}}],"line":93},"12":{"loc":{"start":{"line":107,"column":6},"end":{"line":111,"column":null}},"type":"if","locations":[{"start":{"line":107,"column":6},"end":{"line":111,"column":null}},{"start":{},"end":{}}],"line":107}},"s":{"0":16,"1":16,"2":16,"3":16,"4":16,"5":11,"6":4,"7":4,"8":4,"9":3,"10":1,"11":2,"12":2,"13":3,"14":2,"15":2,"16":2,"17":1,"18":1,"19":1,"20":1,"21":1,"22":2,"23":1,"24":1,"25":1,"26":2,"27":1,"28":16,"29":8,"30":8,"31":8,"32":0,"33":8,"34":0,"35":0,"36":0,"37":8,"38":8,"39":8,"40":8,"41":8,"42":0,"43":8,"44":11,"45":11,"46":11,"47":11,"48":0,"49":0,"50":0,"51":8,"52":0,"53":0,"54":0,"55":0,"56":8,"57":8,"58":8,"59":1,"60":1,"61":1,"62":1,"63":1,"64":1,"65":1,"66":16},"f":{"0":16,"1":11,"2":2,"3":3,"4":1,"5":1,"6":1,"7":2,"8":8,"9":8,"10":0,"11":11,"12":0,"13":0,"14":1},"b":{"0":[4,3,2,2],"1":[1,2],"2":[1,1],"3":[1,0],"4":[1,1],"5":[0,8],"6":[0,8],"7":[0,8],"8":[11,0],"9":[0,0],"10":[0,0],"11":[0,0],"12":[1,0]},"meta":{"lastBranch":13,"lastFunction":15,"lastStatement":67,"seen":{"f:12:16:12:29":0,"s:13:26:13:Infinity":0,"s:14:24:14:Infinity":1,"s:15:8:15:Infinity":2,"s:16:8:16:Infinity":3,"s:18:8:50:Infinity":4,"f:18:34:18:35":1,"b:20:6:23:Infinity:25:6:32:Infinity:34:6:42:Infinity:44:6:48:Infinity":0,"s:19:4:49:Infinity":5,"s:21:8:21:Infinity":6,"s:22:8:22:Infinity":7,"s:23:8:23:Infinity":8,"b:27:8:27:Infinity:undefined:undefined:undefined:undefined":1,"s:27:8:27:Infinity":9,"s:27:38:27:Infinity":10,"s:28:8:31:Infinity":11,"f:28:17:28:18":2,"s:29:27:29:Infinity":12,"f:29:39:29:40":3,"s:29:46:29:67":13,"s:30:10:30:Infinity":14,"s:32:8:32:Infinity":15,"b:36:8:36:Infinity:undefined:undefined:undefined:undefined":2,"s:36:8:36:Infinity":16,"s:36:38:36:Infinity":17,"s:37:8:41:Infinity":18,"f:37:17:37:18":4,"s:38:10:40:Infinity":19,"f:38:19:38:20":5,"s:39:12:39:Infinity":20,"b:39:31:39:70:39:70:39:Infinity":3,"s:42:8:42:Infinity":21,"b:46:8:46:Infinity:undefined:undefined:undefined:undefined":4,"s:46:8:46:Infinity":22,"s:46:38:46:Infinity":23,"s:47:8:47:Infinity":24,"f:47:17:47:18":6,"s:47:27:47:63":25,"f:47:39:47:40":7,"s:47:46:47:62":26,"s:48:8:48:Infinity":27,"s:52:2:114:Infinity":28,"f:52:12:52:18":8,"s:53:31:53:Infinity":29,"s:55:19:55:Infinity":30,"f:57:13:57:23":9,"b:58:6:58:Infinity:undefined:undefined:undefined:undefined":5,"s:58:6:58:Infinity":31,"s:58:20:58:Infinity":32,"b:60:6:64:Infinity:undefined:undefined:undefined:undefined":6,"s:60:6:64:Infinity":33,"s:61:8:61:Infinity":34,"s:62:8:62:Infinity":35,"s:63:8:63:Infinity":36,"s:66:6:66:Infinity":37,"s:67:18:67:Infinity":38,"b:67:72:67:92:67:92:67:94":7,"s:68:6:68:Infinity":39,"s:69:6:69:Infinity":40,"s:71:6:71:Infinity":41,"f:71:18:71:24":10,"s:71:24:71:Infinity":42,"s:73:6:88:Infinity":43,"f:73:21:73:22":11,"s:74:21:74:Infinity":44,"b:78:8:81:Infinity:undefined:undefined:undefined:undefined":8,"s:78:8:81:Infinity":45,"s:79:10:79:Infinity":46,"s:80:10:80:Infinity":47,"b:84:8:87:Infinity:undefined:undefined:undefined:undefined":9,"s:84:8:87:Infinity":48,"b:84:12:84:28:84:28:84:37":10,"s:85:10:85:Infinity":49,"s:86:10:86:Infinity":50,"s:90:6:96:Infinity":51,"f:90:19:90:25":12,"s:91:8:91:Infinity":52,"s:92:8:92:Infinity":53,"b:93:8:95:Infinity:undefined:undefined:undefined:undefined":11,"s:93:8:95:Infinity":54,"s:94:10:94:Infinity":55,"s:98:6:100:Infinity":56,"f:98:19:98:25":13,"s:103:4:103:Infinity":57,"s:104:4:113:Infinity":58,"f:104:11:104:17":14,"s:105:6:105:Infinity":59,"s:106:6:106:Infinity":60,"b:107:6:111:Infinity:undefined:undefined:undefined:undefined":12,"s:107:6:111:Infinity":61,"s:108:8:108:Infinity":62,"s:109:8:109:Infinity":63,"s:110:8:110:Infinity":64,"s:112:6:112:Infinity":65,"s:116:2:116:Infinity":66}}}
}
